{"/home/travis/build/npmtest/node-npmtest-cordova-plugin-secure-storage/test.js":{"path":"/home/travis/build/npmtest/node-npmtest-cordova-plugin-secure-storage/test.js","s":{"1":2,"2":2,"3":2,"4":2,"5":2,"6":2,"7":2,"8":1,"9":2,"10":2,"11":1,"12":1,"13":1,"14":1,"15":2,"16":2,"17":2,"18":2,"19":1,"20":1,"21":2,"22":2,"23":2,"24":1,"25":1,"26":1,"27":1,"28":1,"29":1,"30":1,"31":1,"32":1,"33":1,"34":1,"35":1,"36":1,"37":1,"38":1,"39":2,"40":2,"41":1,"42":2,"43":2,"44":1,"45":2,"46":2,"47":1,"48":2,"49":2,"50":1,"51":1,"52":1,"53":1,"54":1},"b":{"1":[2,1,1,1],"2":[1,1,1,1],"3":[1,1],"4":[1,1],"5":[1,1],"6":[1,1],"7":[1,1],"8":[1,1],"9":[1,1],"10":[1,1,1],"11":[1,1],"12":[1,1],"13":[1,1],"14":[1,1],"15":[1,1],"16":[1,1],"17":[1,1]},"f":{"1":2,"2":2,"3":2,"4":2,"5":2,"6":1,"7":1,"8":1,"9":2,"10":2,"11":2,"12":2,"13":1},"fnMap":{"1":{"name":"(anonymous_1)","line":12,"loc":{"start":{"line":12,"column":1},"end":{"line":12,"column":13}}},"2":{"name":"(anonymous_2)","line":19,"loc":{"start":{"line":19,"column":5},"end":{"line":19,"column":17}}},"3":{"name":"(anonymous_3)","line":23,"loc":{"start":{"line":23,"column":24},"end":{"line":23,"column":36}}},"4":{"name":"(anonymous_4)","line":61,"loc":{"start":{"line":61,"column":5},"end":{"line":61,"column":17}}},"5":{"name":"(anonymous_5)","line":82,"loc":{"start":{"line":82,"column":5},"end":{"line":82,"column":17}}},"6":{"name":"(anonymous_6)","line":91,"loc":{"start":{"line":91,"column":77},"end":{"line":94,"column":10}}},"7":{"name":"(anonymous_7)","line":112,"loc":{"start":{"line":112,"column":83},"end":{"line":115,"column":10}},"skip":true},"8":{"name":"(anonymous_8)","line":123,"loc":{"start":{"line":123,"column":77},"end":{"line":126,"column":10}},"skip":true},"9":{"name":"(anonymous_9)","line":139,"loc":{"start":{"line":139,"column":12},"end":{"line":139,"column":40}},"skip":true},"10":{"name":"(anonymous_10)","line":147,"loc":{"start":{"line":147,"column":77},"end":{"line":150,"column":10}},"skip":true},"11":{"name":"(anonymous_11)","line":158,"loc":{"start":{"line":158,"column":83},"end":{"line":161,"column":10}},"skip":true},"12":{"name":"(anonymous_12)","line":169,"loc":{"start":{"line":169,"column":79},"end":{"line":172,"column":10}},"skip":true},"13":{"name":"(anonymous_13)","line":180,"loc":{"start":{"line":180,"column":75},"end":{"line":183,"column":10}},"skip":true}},"statementMap":{"1":{"start":{"line":12,"column":0},"end":{"line":195,"column":5}},"2":{"start":{"line":14,"column":4},"end":{"line":14,"column":14}},"3":{"start":{"line":19,"column":4},"end":{"line":56,"column":9}},"4":{"start":{"line":21,"column":8},"end":{"line":21,"column":19}},"5":{"start":{"line":23,"column":8},"end":{"line":35,"column":13}},"6":{"start":{"line":24,"column":12},"end":{"line":34,"column":13}},"7":{"start":{"line":25,"column":16},"end":{"line":28,"column":30}},"8":{"start":{"line":30,"column":16},"end":{"line":33,"column":27}},"9":{"start":{"line":37,"column":8},"end":{"line":39,"column":21}},"10":{"start":{"line":40,"column":8},"end":{"line":53,"column":9}},"11":{"start":{"line":43,"column":12},"end":{"line":46,"column":14}},"12":{"start":{"line":47,"column":12},"end":{"line":47,"column":18}},"13":{"start":{"line":50,"column":12},"end":{"line":51,"column":33}},"14":{"start":{"line":52,"column":12},"end":{"line":52,"column":18}},"15":{"start":{"line":55,"column":8},"end":{"line":55,"column":35}},"16":{"start":{"line":61,"column":4},"end":{"line":63,"column":9}},"17":{"start":{"line":62,"column":8},"end":{"line":62,"column":15}},"18":{"start":{"line":64,"column":4},"end":{"line":77,"column":5}},"19":{"start":{"line":70,"column":8},"end":{"line":70,"column":14}},"20":{"start":{"line":76,"column":8},"end":{"line":76,"column":14}},"21":{"start":{"line":82,"column":4},"end":{"line":84,"column":9}},"22":{"start":{"line":83,"column":8},"end":{"line":83,"column":15}},"23":{"start":{"line":85,"column":4},"end":{"line":194,"column":5}},"24":{"start":{"line":91,"column":8},"end":{"line":99,"column":10}},"25":{"start":{"line":98,"column":12},"end":{"line":98,"column":35}},"26":{"start":{"line":102,"column":8},"end":{"line":104,"column":63}},"27":{"start":{"line":105,"column":8},"end":{"line":105,"column":14}},"28":{"start":{"line":112,"column":8},"end":{"line":121,"column":10},"skip":true},"29":{"start":{"line":119,"column":12},"end":{"line":119,"column":55},"skip":true},"30":{"start":{"line":120,"column":12},"end":{"line":120,"column":48},"skip":true},"31":{"start":{"line":123,"column":8},"end":{"line":136,"column":10},"skip":true},"32":{"start":{"line":130,"column":12},"end":{"line":130,"column":76},"skip":true},"33":{"start":{"line":131,"column":12},"end":{"line":131,"column":73},"skip":true},"34":{"start":{"line":132,"column":12},"end":{"line":132,"column":74},"skip":true},"35":{"start":{"line":133,"column":12},"end":{"line":133,"column":79},"skip":true},"36":{"start":{"line":134,"column":12},"end":{"line":134,"column":25},"skip":true},"37":{"start":{"line":135,"column":12},"end":{"line":135,"column":45},"skip":true},"38":{"start":{"line":138,"column":8},"end":{"line":145,"column":14},"skip":true},"39":{"start":{"line":143,"column":16},"end":{"line":143,"column":29},"skip":true},"40":{"start":{"line":144,"column":16},"end":{"line":144,"column":55},"skip":true},"41":{"start":{"line":147,"column":8},"end":{"line":156,"column":10},"skip":true},"42":{"start":{"line":154,"column":12},"end":{"line":154,"column":25},"skip":true},"43":{"start":{"line":155,"column":12},"end":{"line":155,"column":45},"skip":true},"44":{"start":{"line":158,"column":8},"end":{"line":167,"column":10},"skip":true},"45":{"start":{"line":165,"column":12},"end":{"line":165,"column":25},"skip":true},"46":{"start":{"line":166,"column":12},"end":{"line":166,"column":48},"skip":true},"47":{"start":{"line":169,"column":8},"end":{"line":178,"column":10},"skip":true},"48":{"start":{"line":176,"column":12},"end":{"line":176,"column":25},"skip":true},"49":{"start":{"line":177,"column":12},"end":{"line":177,"column":46},"skip":true},"50":{"start":{"line":180,"column":8},"end":{"line":189,"column":10},"skip":true},"51":{"start":{"line":187,"column":12},"end":{"line":187,"column":94},"skip":true},"52":{"start":{"line":188,"column":12},"end":{"line":188,"column":48},"skip":true},"53":{"start":{"line":192,"column":8},"end":{"line":192,"column":35},"skip":true},"54":{"start":{"line":193,"column":8},"end":{"line":193,"column":14},"skip":true}},"branchMap":{"1":{"line":25,"type":"binary-expr","locations":[{"start":{"line":25,"column":23},"end":{"line":25,"column":62}},{"start":{"line":26,"column":20},"end":{"line":26,"column":70}},{"start":{"line":27,"column":20},"end":{"line":27,"column":71}},{"start":{"line":28,"column":20},"end":{"line":28,"column":29}}]},"2":{"line":30,"type":"binary-expr","locations":[{"start":{"line":30,"column":23},"end":{"line":30,"column":37}},{"start":{"line":31,"column":20},"end":{"line":31,"column":61}},{"start":{"line":32,"column":20},"end":{"line":32,"column":70}},{"start":{"line":33,"column":20},"end":{"line":33,"column":26}}]},"3":{"line":37,"type":"cond-expr","locations":[{"start":{"line":38,"column":14},"end":{"line":38,"column":20}},{"start":{"line":39,"column":14},"end":{"line":39,"column":20}}]},"4":{"line":40,"type":"switch","locations":[{"start":{"line":42,"column":8},"end":{"line":47,"column":18}},{"start":{"line":49,"column":8},"end":{"line":52,"column":18}}]},"5":{"line":44,"type":"binary-expr","locations":[{"start":{"line":44,"column":16},"end":{"line":44,"column":44}},{"start":{"line":44,"column":48},"end":{"line":44,"column":66}}]},"6":{"line":50,"type":"binary-expr","locations":[{"start":{"line":50,"column":21},"end":{"line":50,"column":49}},{"start":{"line":50,"column":53},"end":{"line":50,"column":72}}]},"7":{"line":64,"type":"switch","locations":[{"start":{"line":69,"column":4},"end":{"line":70,"column":14}},{"start":{"line":75,"column":4},"end":{"line":76,"column":14}}]},"8":{"line":85,"type":"switch","locations":[{"start":{"line":90,"column":4},"end":{"line":105,"column":14}},{"start":{"line":111,"column":4},"end":{"line":193,"column":14},"skip":true}]},"9":{"line":91,"type":"binary-expr","locations":[{"start":{"line":91,"column":42},"end":{"line":91,"column":73}},{"start":{"line":91,"column":77},"end":{"line":99,"column":9}}]},"10":{"line":102,"type":"binary-expr","locations":[{"start":{"line":102,"column":18},"end":{"line":102,"column":32}},{"start":{"line":103,"column":12},"end":{"line":103,"column":53}},{"start":{"line":104,"column":12},"end":{"line":104,"column":61}}]},"11":{"line":112,"type":"binary-expr","locations":[{"start":{"line":112,"column":45},"end":{"line":112,"column":79},"skip":true},{"start":{"line":112,"column":83},"end":{"line":121,"column":9},"skip":true}]},"12":{"line":123,"type":"binary-expr","locations":[{"start":{"line":123,"column":42},"end":{"line":123,"column":73},"skip":true},{"start":{"line":123,"column":77},"end":{"line":136,"column":9},"skip":true}]},"13":{"line":138,"type":"binary-expr","locations":[{"start":{"line":138,"column":48},"end":{"line":138,"column":85},"skip":true},{"start":{"line":139,"column":12},"end":{"line":145,"column":13},"skip":true}]},"14":{"line":147,"type":"binary-expr","locations":[{"start":{"line":147,"column":42},"end":{"line":147,"column":73},"skip":true},{"start":{"line":147,"column":77},"end":{"line":156,"column":9},"skip":true}]},"15":{"line":158,"type":"binary-expr","locations":[{"start":{"line":158,"column":45},"end":{"line":158,"column":79},"skip":true},{"start":{"line":158,"column":83},"end":{"line":167,"column":9},"skip":true}]},"16":{"line":169,"type":"binary-expr","locations":[{"start":{"line":169,"column":43},"end":{"line":169,"column":75},"skip":true},{"start":{"line":169,"column":79},"end":{"line":178,"column":9},"skip":true}]},"17":{"line":180,"type":"binary-expr","locations":[{"start":{"line":180,"column":41},"end":{"line":180,"column":71},"skip":true},{"start":{"line":180,"column":75},"end":{"line":189,"column":9},"skip":true}]}},"code":["/* istanbul instrument in package npmtest_cordova_plugin_secure_storage */","/*jslint","    bitwise: true,","    browser: true,","    maxerr: 8,","    maxlen: 96,","    node: true,","    nomen: true,","    regexp: true,","    stupid: true","*/","(function () {","    'use strict';","    var local;","","","","    // run shared js-env code - pre-init","    (function () {","        // init local","        local = {};","        // init modeJs","        local.modeJs = (function () {","            try {","                return typeof navigator.userAgent === 'string' &&","                    typeof document.querySelector('body') === 'object' &&","                    typeof XMLHttpRequest.prototype.open === 'function' &&","                    'browser';","            } catch (errorCaughtBrowser) {","                return module.exports &&","                    typeof process.versions.node === 'string' &&","                    typeof require('http').createServer === 'function' &&","                    'node';","            }","        }());","        // init global","        local.global = local.modeJs === 'browser'","            ? window","            : global;","        switch (local.modeJs) {","        // re-init local from window.local","        case 'browser':","            local = local.global.utility2.objectSetDefault(","                local.global.utility2_rollup || local.global.local,","                local.global.utility2","            );","            break;","        // re-init local from example.js","        case 'node':","            local = (local.global.utility2_rollup || require('utility2'))","                .requireReadme();","            break;","        }","        // export local","        local.global.local = local;","    }());","","","","    // run shared js-env code - function","    (function () {","        return;","    }());","    switch (local.modeJs) {","","","","    // run browser js-env code - function","    case 'browser':","        break;","","","","    // run node js-env code - function","    case 'node':","        break;","    }","","","","    // run shared js-env code - post-init","    (function () {","        return;","    }());","    switch (local.modeJs) {","","","","    // run browser js-env code - post-init","    case 'browser':","        local.testCase_browser_nullCase = local.testCase_browser_nullCase || function (","            options,","            onError","        ) {","        /*","         * this function will test browsers's null-case handling-behavior-behavior","         */","            onError(null, options);","        };","","        // run tests","        local.nop(local.modeTest &&","            document.querySelector('#testRunButton1') &&","            document.querySelector('#testRunButton1').click());","        break;","","","","    // run node js-env code - post-init","    /* istanbul ignore next */","    case 'node':","        local.testCase_buildApidoc_default = local.testCase_buildApidoc_default || function (","            options,","            onError","        ) {","        /*","         * this function will test buildApidoc's default handling-behavior-behavior","         */","            options = { modulePathList: module.paths };","            local.buildApidoc(options, onError);","        };","","        local.testCase_buildApp_default = local.testCase_buildApp_default || function (","            options,","            onError","        ) {","        /*","         * this function will test buildApp's default handling-behavior-behavior","         */","            local.testCase_buildReadme_default(options, local.onErrorThrow);","            local.testCase_buildLib_default(options, local.onErrorThrow);","            local.testCase_buildTest_default(options, local.onErrorThrow);","            local.testCase_buildCustomOrg_default(options, local.onErrorThrow);","            options = [];","            local.buildApp(options, onError);","        };","","        local.testCase_buildCustomOrg_default = local.testCase_buildCustomOrg_default ||","            function (options, onError) {","            /*","             * this function will test buildCustomOrg's default handling-behavior","             */","                options = {};","                local.buildCustomOrg(options, onError);","            };","","        local.testCase_buildLib_default = local.testCase_buildLib_default || function (","            options,","            onError","        ) {","        /*","         * this function will test buildLib's default handling-behavior","         */","            options = {};","            local.buildLib(options, onError);","        };","","        local.testCase_buildReadme_default = local.testCase_buildReadme_default || function (","            options,","            onError","        ) {","        /*","         * this function will test buildReadme's default handling-behavior-behavior","         */","            options = {};","            local.buildReadme(options, onError);","        };","","        local.testCase_buildTest_default = local.testCase_buildTest_default || function (","            options,","            onError","        ) {","        /*","         * this function will test buildTest's default handling-behavior","         */","            options = {};","            local.buildTest(options, onError);","        };","","        local.testCase_webpage_default = local.testCase_webpage_default || function (","            options,","            onError","        ) {","        /*","         * this function will test webpage's default handling-behavior","         */","            options = { modeCoverageMerge: true, url: local.serverLocalHost + '?modeTest=1' };","            local.browserTest(options, onError);","        };","","        // run test-server","        local.testRunServer(local);","        break;","    }","}());",""],"l":{"12":2,"14":2,"19":2,"21":2,"23":2,"24":2,"25":2,"30":1,"37":2,"40":2,"43":1,"47":1,"50":1,"52":1,"55":2,"61":2,"62":2,"64":2,"70":1,"76":1,"82":2,"83":2,"85":2,"91":1,"98":1,"102":1,"105":1,"112":1,"119":1,"120":1,"123":1,"130":1,"131":1,"132":1,"133":1,"134":1,"135":1,"138":1,"143":2,"144":2,"147":1,"154":2,"155":2,"158":1,"165":2,"166":2,"169":1,"176":2,"177":2,"180":1,"187":1,"188":1,"192":1,"193":1}},"/home/travis/build/npmtest/node-npmtest-cordova-plugin-secure-storage/lib.npmtest_cordova_plugin_secure_storage.js":{"path":"/home/travis/build/npmtest/node-npmtest-cordova-plugin-secure-storage/lib.npmtest_cordova_plugin_secure_storage.js","s":{"1":2,"2":2,"3":2,"4":2,"5":2,"6":2,"7":2,"8":1,"9":2,"10":2,"11":2,"12":2,"13":1,"14":1,"15":1,"16":1},"b":{"1":[2,1,1,1],"2":[1,1,1,1],"3":[1,1],"4":[2,2],"5":[1,1]},"f":{"1":2,"2":2,"3":2},"fnMap":{"1":{"name":"(anonymous_1)","line":12,"loc":{"start":{"line":12,"column":1},"end":{"line":12,"column":13}}},"2":{"name":"(anonymous_2)","line":19,"loc":{"start":{"line":19,"column":5},"end":{"line":19,"column":17}}},"3":{"name":"(anonymous_3)","line":23,"loc":{"start":{"line":23,"column":24},"end":{"line":23,"column":36}}}},"statementMap":{"1":{"start":{"line":12,"column":0},"end":{"line":53,"column":5}},"2":{"start":{"line":14,"column":4},"end":{"line":14,"column":14}},"3":{"start":{"line":19,"column":4},"end":{"line":52,"column":9}},"4":{"start":{"line":21,"column":8},"end":{"line":21,"column":19}},"5":{"start":{"line":23,"column":8},"end":{"line":35,"column":13}},"6":{"start":{"line":24,"column":12},"end":{"line":34,"column":13}},"7":{"start":{"line":25,"column":16},"end":{"line":28,"column":30}},"8":{"start":{"line":30,"column":16},"end":{"line":33,"column":27}},"9":{"start":{"line":37,"column":8},"end":{"line":39,"column":21}},"10":{"start":{"line":41,"column":8},"end":{"line":41,"column":54}},"11":{"start":{"line":43,"column":8},"end":{"line":43,"column":74}},"12":{"start":{"line":45,"column":8},"end":{"line":51,"column":9}},"13":{"start":{"line":46,"column":12},"end":{"line":46,"column":80}},"14":{"start":{"line":48,"column":12},"end":{"line":48,"column":35}},"15":{"start":{"line":49,"column":12},"end":{"line":49,"column":49}},"16":{"start":{"line":50,"column":12},"end":{"line":50,"column":43}}},"branchMap":{"1":{"line":25,"type":"binary-expr","locations":[{"start":{"line":25,"column":23},"end":{"line":25,"column":62}},{"start":{"line":26,"column":20},"end":{"line":26,"column":70}},{"start":{"line":27,"column":20},"end":{"line":27,"column":71}},{"start":{"line":28,"column":20},"end":{"line":28,"column":29}}]},"2":{"line":30,"type":"binary-expr","locations":[{"start":{"line":30,"column":23},"end":{"line":30,"column":37}},{"start":{"line":31,"column":20},"end":{"line":31,"column":61}},{"start":{"line":32,"column":20},"end":{"line":32,"column":70}},{"start":{"line":33,"column":20},"end":{"line":33,"column":26}}]},"3":{"line":37,"type":"cond-expr","locations":[{"start":{"line":38,"column":14},"end":{"line":38,"column":20}},{"start":{"line":39,"column":14},"end":{"line":39,"column":20}}]},"4":{"line":41,"type":"binary-expr","locations":[{"start":{"line":41,"column":16},"end":{"line":41,"column":44}},{"start":{"line":41,"column":48},"end":{"line":41,"column":53}}]},"5":{"line":45,"type":"if","locations":[{"start":{"line":45,"column":8},"end":{"line":45,"column":8}},{"start":{"line":45,"column":8},"end":{"line":45,"column":8}}]}},"code":["/* istanbul instrument in package npmtest_cordova_plugin_secure_storage */","/*jslint","    bitwise: true,","    browser: true,","    maxerr: 8,","    maxlen: 96,","    node: true,","    nomen: true,","    regexp: true,","    stupid: true","*/","(function () {","    'use strict';","    var local;","","","","    // run shared js-env code - pre-init","    (function () {","        // init local","        local = {};","        // init modeJs","        local.modeJs = (function () {","            try {","                return typeof navigator.userAgent === 'string' &&","                    typeof document.querySelector('body') === 'object' &&","                    typeof XMLHttpRequest.prototype.open === 'function' &&","                    'browser';","            } catch (errorCaughtBrowser) {","                return module.exports &&","                    typeof process.versions.node === 'string' &&","                    typeof require('http').createServer === 'function' &&","                    'node';","            }","        }());","        // init global","        local.global = local.modeJs === 'browser'","            ? window","            : global;","        // init utility2_rollup","        local = local.global.utility2_rollup || local;","        // init lib","        local.local = local.npmtest_cordova_plugin_secure_storage = local;","        // init exports","        if (local.modeJs === 'browser') {","            local.global.utility2_npmtest_cordova_plugin_secure_storage = local;","        } else {","            module.exports = local;","            module.exports.__dirname = __dirname;","            module.exports.module = module;","        }","    }());","}());",""],"l":{"12":2,"14":2,"19":2,"21":2,"23":2,"24":2,"25":2,"30":1,"37":2,"41":2,"43":2,"45":2,"46":1,"48":1,"49":1,"50":1}},"/home/travis/build/npmtest/node-npmtest-cordova-plugin-secure-storage/example.js":{"path":"/home/travis/build/npmtest/node-npmtest-cordova-plugin-secure-storage/example.js","s":{"1":2,"2":2,"3":2,"4":2,"5":2,"6":2,"7":2,"8":1,"9":2,"10":2,"11":2,"12":2,"13":1,"14":2,"15":2,"16":2,"17":2,"18":2,"19":0,"20":2,"21":1,"22":1,"23":1,"24":1,"25":1,"26":0,"27":0,"28":1,"29":1,"30":2,"31":0,"32":0,"33":0,"34":1,"35":2,"36":2,"37":3,"38":3,"39":3,"40":3,"41":0,"42":3,"43":3,"44":3,"45":1,"46":3,"47":1,"48":1,"49":1,"50":1,"51":1,"52":1,"53":1,"54":1,"55":1,"56":1,"57":0,"58":1,"59":6,"60":6,"61":1,"62":2,"63":0,"64":2,"65":1,"66":1,"67":0,"68":0,"69":0,"70":0,"71":0,"72":0,"73":0,"74":0,"75":0,"76":0,"77":0,"78":0,"79":0,"80":0,"81":0,"82":0,"83":0},"b":{"1":[2,1,1,1],"2":[1,1,1,1],"3":[1,1],"4":[2,2],"5":[1,1],"6":[1,1],"7":[2,0],"8":[2,1,1,1,1,1],"9":[0,2,0],"10":[1,1],"11":[2,1,1],"12":[1,0],"13":[0,2],"14":[2,0,0,0,0,0,0],"15":[0,3],"16":[3,0],"17":[1,1],"18":[0,1],"19":[1,2,0,2],"20":[1,0],"21":[1,1],"22":[0,0],"23":[0,0],"24":[0,0],"25":[0,0],"26":[0,0],"27":[0,0],"28":[0,0]},"f":{"1":2,"2":2,"3":2,"4":2,"5":2,"6":2,"7":3,"8":3,"9":3,"10":1,"11":6,"12":0},"fnMap":{"1":{"name":"(anonymous_1)","line":26,"loc":{"start":{"line":26,"column":1},"end":{"line":26,"column":13}}},"2":{"name":"(anonymous_2)","line":33,"loc":{"start":{"line":33,"column":5},"end":{"line":33,"column":17}}},"3":{"name":"(anonymous_3)","line":37,"loc":{"start":{"line":37,"column":24},"end":{"line":37,"column":36}}},"4":{"name":"(anonymous_4)","line":69,"loc":{"start":{"line":69,"column":31},"end":{"line":69,"column":48}},"skip":true},"5":{"name":"(anonymous_5)","line":78,"loc":{"start":{"line":78,"column":26},"end":{"line":78,"column":45}},"skip":true},"6":{"name":"(anonymous_6)","line":123,"loc":{"start":{"line":123,"column":33},"end":{"line":123,"column":48}},"skip":true},"7":{"name":"(anonymous_7)","line":125,"loc":{"start":{"line":125,"column":27},"end":{"line":125,"column":39}},"skip":true},"8":{"name":"(anonymous_8)","line":133,"loc":{"start":{"line":133,"column":59},"end":{"line":133,"column":74}},"skip":true},"9":{"name":"(anonymous_9)","line":143,"loc":{"start":{"line":143,"column":45},"end":{"line":143,"column":62}},"skip":true},"10":{"name":"(anonymous_10)","line":144,"loc":{"start":{"line":144,"column":73},"end":{"line":144,"column":92}},"skip":true},"11":{"name":"(anonymous_11)","line":272,"loc":{"start":{"line":272,"column":51},"end":{"line":272,"column":77}},"skip":true},"12":{"name":"(anonymous_12)","line":315,"loc":{"start":{"line":315,"column":32},"end":{"line":315,"column":61}},"skip":true}},"statementMap":{"1":{"start":{"line":26,"column":0},"end":{"line":326,"column":5}},"2":{"start":{"line":28,"column":4},"end":{"line":28,"column":14}},"3":{"start":{"line":33,"column":4},"end":{"line":60,"column":9}},"4":{"start":{"line":35,"column":8},"end":{"line":35,"column":19}},"5":{"start":{"line":37,"column":8},"end":{"line":49,"column":13}},"6":{"start":{"line":38,"column":12},"end":{"line":48,"column":13}},"7":{"start":{"line":39,"column":16},"end":{"line":42,"column":30}},"8":{"start":{"line":44,"column":16},"end":{"line":47,"column":27}},"9":{"start":{"line":51,"column":8},"end":{"line":53,"column":21}},"10":{"start":{"line":55,"column":8},"end":{"line":57,"column":45}},"11":{"start":{"line":59,"column":8},"end":{"line":59,"column":35}},"12":{"start":{"line":61,"column":4},"end":{"line":325,"column":5}},"13":{"start":{"line":69,"column":8},"end":{"line":121,"column":10},"skip":true},"14":{"start":{"line":70,"column":12},"end":{"line":88,"column":13},"skip":true},"15":{"start":{"line":76,"column":16},"end":{"line":87,"column":19},"skip":true},"16":{"start":{"line":79,"column":20},"end":{"line":86,"column":21},"skip":true},"17":{"start":{"line":82,"column":24},"end":{"line":82,"column":43},"skip":true},"18":{"start":{"line":83,"column":24},"end":{"line":83,"column":30},"skip":true},"19":{"start":{"line":85,"column":24},"end":{"line":85,"column":49},"skip":true},"20":{"start":{"line":89,"column":12},"end":{"line":107,"column":13},"skip":true},"21":{"start":{"line":92,"column":16},"end":{"line":102,"column":17},"skip":true},"22":{"start":{"line":93,"column":20},"end":{"line":93,"column":86},"skip":true},"23":{"start":{"line":94,"column":20},"end":{"line":95,"column":45},"skip":true},"24":{"start":{"line":96,"column":20},"end":{"line":96,"column":42},"skip":true},"25":{"start":{"line":97,"column":20},"end":{"line":97,"column":48},"skip":true},"26":{"start":{"line":100,"column":20},"end":{"line":100,"column":85},"skip":true},"27":{"start":{"line":101,"column":20},"end":{"line":101,"column":96},"skip":true},"28":{"start":{"line":103,"column":16},"end":{"line":103,"column":22},"skip":true},"29":{"start":{"line":106,"column":16},"end":{"line":106,"column":22},"skip":true},"30":{"start":{"line":108,"column":12},"end":{"line":120,"column":13},"skip":true},"31":{"start":{"line":114,"column":16},"end":{"line":119,"column":17},"skip":true},"32":{"start":{"line":116,"column":20},"end":{"line":116,"column":78},"skip":true},"33":{"start":{"line":118,"column":20},"end":{"line":118,"column":47},"skip":true},"34":{"start":{"line":123,"column":8},"end":{"line":141,"column":11},"skip":true},"35":{"start":{"line":124,"column":12},"end":{"line":124,"column":54},"skip":true},"36":{"start":{"line":125,"column":12},"end":{"line":140,"column":14},"skip":true},"37":{"start":{"line":126,"column":16},"end":{"line":126,"column":28},"skip":true},"38":{"start":{"line":127,"column":16},"end":{"line":127,"column":69},"skip":true},"39":{"start":{"line":128,"column":16},"end":{"line":128,"column":75},"skip":true},"40":{"start":{"line":129,"column":16},"end":{"line":131,"column":17},"skip":true},"41":{"start":{"line":130,"column":20},"end":{"line":130,"column":27},"skip":true},"42":{"start":{"line":133,"column":16},"end":{"line":137,"column":36},"skip":true},"43":{"start":{"line":134,"column":20},"end":{"line":136,"column":55},"skip":true},"44":{"start":{"line":139,"column":16},"end":{"line":139,"column":57},"skip":true},"45":{"start":{"line":143,"column":8},"end":{"line":147,"column":11},"skip":true},"46":{"start":{"line":144,"column":12},"end":{"line":146,"column":15},"skip":true},"47":{"start":{"line":145,"column":16},"end":{"line":145,"column":70},"skip":true},"48":{"start":{"line":149,"column":8},"end":{"line":149,"column":31},"skip":true},"49":{"start":{"line":150,"column":8},"end":{"line":150,"column":14},"skip":true},"50":{"start":{"line":158,"column":8},"end":{"line":158,"column":31},"skip":true},"51":{"start":{"line":160,"column":8},"end":{"line":160,"column":33},"skip":true},"52":{"start":{"line":161,"column":8},"end":{"line":161,"column":37},"skip":true},"53":{"start":{"line":162,"column":8},"end":{"line":162,"column":35},"skip":true},"54":{"start":{"line":164,"column":8},"end":{"line":164,"column":50},"skip":true},"55":{"start":{"line":166,"column":8},"end":{"line":256,"column":2},"skip":true},"56":{"start":{"line":258,"column":8},"end":{"line":286,"column":9},"skip":true},"57":{"start":{"line":259,"column":12},"end":{"line":269,"column":14},"skip":true},"58":{"start":{"line":271,"column":12},"end":{"line":285,"column":19},"skip":true},"59":{"start":{"line":274,"column":20},"end":{"line":274,"column":35},"skip":true},"60":{"start":{"line":275,"column":20},"end":{"line":284,"column":21},"skip":true},"61":{"start":{"line":277,"column":24},"end":{"line":277,"column":64},"skip":true},"62":{"start":{"line":279,"column":24},"end":{"line":279,"column":40},"skip":true},"63":{"start":{"line":281,"column":24},"end":{"line":281,"column":40},"skip":true},"64":{"start":{"line":283,"column":24},"end":{"line":283,"column":39},"skip":true},"65":{"start":{"line":288,"column":8},"end":{"line":290,"column":9},"skip":true},"66":{"start":{"line":289,"column":12},"end":{"line":289,"column":18},"skip":true},"67":{"start":{"line":291,"column":8},"end":{"line":293,"column":54},"skip":true},"68":{"start":{"line":296,"column":8},"end":{"line":301,"column":37},"skip":true},"69":{"start":{"line":303,"column":8},"end":{"line":303,"column":82},"skip":true},"70":{"start":{"line":306,"column":8},"end":{"line":308,"column":9},"skip":true},"71":{"start":{"line":307,"column":12},"end":{"line":307,"column":82},"skip":true},"72":{"start":{"line":310,"column":8},"end":{"line":312,"column":9},"skip":true},"73":{"start":{"line":311,"column":12},"end":{"line":311,"column":18},"skip":true},"74":{"start":{"line":313,"column":8},"end":{"line":313,"column":54},"skip":true},"75":{"start":{"line":314,"column":8},"end":{"line":314,"column":69},"skip":true},"76":{"start":{"line":315,"column":8},"end":{"line":323,"column":36},"skip":true},"77":{"start":{"line":316,"column":12},"end":{"line":316,"column":61},"skip":true},"78":{"start":{"line":317,"column":12},"end":{"line":320,"column":13},"skip":true},"79":{"start":{"line":318,"column":16},"end":{"line":318,"column":75},"skip":true},"80":{"start":{"line":319,"column":16},"end":{"line":319,"column":23},"skip":true},"81":{"start":{"line":321,"column":12},"end":{"line":321,"column":38},"skip":true},"82":{"start":{"line":322,"column":12},"end":{"line":322,"column":27},"skip":true},"83":{"start":{"line":324,"column":8},"end":{"line":324,"column":14},"skip":true}},"branchMap":{"1":{"line":39,"type":"binary-expr","locations":[{"start":{"line":39,"column":23},"end":{"line":39,"column":62}},{"start":{"line":40,"column":20},"end":{"line":40,"column":70}},{"start":{"line":41,"column":20},"end":{"line":41,"column":71}},{"start":{"line":42,"column":20},"end":{"line":42,"column":29}}]},"2":{"line":44,"type":"binary-expr","locations":[{"start":{"line":44,"column":23},"end":{"line":44,"column":37}},{"start":{"line":45,"column":20},"end":{"line":45,"column":61}},{"start":{"line":46,"column":20},"end":{"line":46,"column":70}},{"start":{"line":47,"column":20},"end":{"line":47,"column":26}}]},"3":{"line":51,"type":"cond-expr","locations":[{"start":{"line":52,"column":14},"end":{"line":52,"column":20}},{"start":{"line":53,"column":14},"end":{"line":53,"column":20}}]},"4":{"line":55,"type":"binary-expr","locations":[{"start":{"line":55,"column":16},"end":{"line":55,"column":44}},{"start":{"line":55,"column":49},"end":{"line":57,"column":43}}]},"5":{"line":55,"type":"cond-expr","locations":[{"start":{"line":56,"column":14},"end":{"line":56,"column":73}},{"start":{"line":57,"column":14},"end":{"line":57,"column":43}}]},"6":{"line":61,"type":"switch","locations":[{"start":{"line":68,"column":4},"end":{"line":150,"column":14},"skip":true},{"start":{"line":156,"column":4},"end":{"line":324,"column":14},"skip":true}]},"7":{"line":70,"type":"if","locations":[{"start":{"line":70,"column":12},"end":{"line":70,"column":12},"skip":true},{"start":{"line":70,"column":12},"end":{"line":70,"column":12},"skip":true}]},"8":{"line":70,"type":"binary-expr","locations":[{"start":{"line":70,"column":16},"end":{"line":70,"column":22},"skip":true},{"start":{"line":70,"column":27},"end":{"line":70,"column":32},"skip":true},{"start":{"line":71,"column":20},"end":{"line":71,"column":39},"skip":true},{"start":{"line":72,"column":20},"end":{"line":72,"column":49},"skip":true},{"start":{"line":73,"column":20},"end":{"line":73,"column":58},"skip":true},{"start":{"line":74,"column":20},"end":{"line":74,"column":69},"skip":true}]},"9":{"line":79,"type":"switch","locations":[{"start":{"line":80,"column":20},"end":{"line":80,"column":33},"skip":true},{"start":{"line":81,"column":20},"end":{"line":83,"column":30},"skip":true},{"start":{"line":84,"column":20},"end":{"line":85,"column":49},"skip":true}]},"10":{"line":89,"type":"switch","locations":[{"start":{"line":90,"column":12},"end":{"line":103,"column":22},"skip":true},{"start":{"line":105,"column":12},"end":{"line":106,"column":22},"skip":true}]},"11":{"line":89,"type":"binary-expr","locations":[{"start":{"line":89,"column":20},"end":{"line":89,"column":25},"skip":true},{"start":{"line":89,"column":29},"end":{"line":89,"column":48},"skip":true},{"start":{"line":89,"column":52},"end":{"line":89,"column":74},"skip":true}]},"12":{"line":92,"type":"if","locations":[{"start":{"line":92,"column":16},"end":{"line":92,"column":16},"skip":true},{"start":{"line":92,"column":16},"end":{"line":92,"column":16},"skip":true}]},"13":{"line":108,"type":"if","locations":[{"start":{"line":108,"column":12},"end":{"line":108,"column":12},"skip":true},{"start":{"line":108,"column":12},"end":{"line":108,"column":12},"skip":true}]},"14":{"line":108,"type":"binary-expr","locations":[{"start":{"line":108,"column":16},"end":{"line":108,"column":61},"skip":true},{"start":{"line":108,"column":66},"end":{"line":108,"column":72},"skip":true},{"start":{"line":108,"column":77},"end":{"line":108,"column":82},"skip":true},{"start":{"line":109,"column":20},"end":{"line":109,"column":39},"skip":true},{"start":{"line":110,"column":20},"end":{"line":110,"column":49},"skip":true},{"start":{"line":111,"column":20},"end":{"line":111,"column":58},"skip":true},{"start":{"line":112,"column":20},"end":{"line":112,"column":68},"skip":true}]},"15":{"line":129,"type":"if","locations":[{"start":{"line":129,"column":16},"end":{"line":129,"column":16},"skip":true},{"start":{"line":129,"column":16},"end":{"line":129,"column":16},"skip":true}]},"16":{"line":134,"type":"cond-expr","locations":[{"start":{"line":135,"column":26},"end":{"line":135,"column":29},"skip":true},{"start":{"line":136,"column":26},"end":{"line":136,"column":54},"skip":true}]},"17":{"line":164,"type":"binary-expr","locations":[{"start":{"line":164,"column":27},"end":{"line":164,"column":43},"skip":true},{"start":{"line":164,"column":47},"end":{"line":164,"column":49},"skip":true}]},"18":{"line":258,"type":"if","locations":[{"start":{"line":258,"column":8},"end":{"line":258,"column":8},"skip":true},{"start":{"line":258,"column":8},"end":{"line":258,"column":8},"skip":true}]},"19":{"line":275,"type":"switch","locations":[{"start":{"line":276,"column":20},"end":{"line":277,"column":64},"skip":true},{"start":{"line":278,"column":20},"end":{"line":279,"column":40},"skip":true},{"start":{"line":280,"column":20},"end":{"line":281,"column":40},"skip":true},{"start":{"line":282,"column":20},"end":{"line":283,"column":39},"skip":true}]},"20":{"line":288,"type":"if","locations":[{"start":{"line":288,"column":8},"end":{"line":288,"column":8},"skip":true},{"start":{"line":288,"column":8},"end":{"line":288,"column":8},"skip":true}]},"21":{"line":288,"type":"binary-expr","locations":[{"start":{"line":288,"column":12},"end":{"line":288,"column":40},"skip":true},{"start":{"line":288,"column":44},"end":{"line":288,"column":67},"skip":true}]},"22":{"line":292,"type":"binary-expr","locations":[{"start":{"line":292,"column":12},"end":{"line":292,"column":50},"skip":true},{"start":{"line":293,"column":12},"end":{"line":293,"column":53},"skip":true}]},"23":{"line":297,"type":"binary-expr","locations":[{"start":{"line":297,"column":12},"end":{"line":297,"column":87},"skip":true},{"start":{"line":298,"column":12},"end":{"line":301,"column":36},"skip":true}]},"24":{"line":303,"type":"binary-expr","locations":[{"start":{"line":303,"column":43},"end":{"line":303,"column":75},"skip":true},{"start":{"line":303,"column":79},"end":{"line":303,"column":81},"skip":true}]},"25":{"line":306,"type":"if","locations":[{"start":{"line":306,"column":8},"end":{"line":306,"column":8},"skip":true},{"start":{"line":306,"column":8},"end":{"line":306,"column":8},"skip":true}]},"26":{"line":310,"type":"if","locations":[{"start":{"line":310,"column":8},"end":{"line":310,"column":8},"skip":true},{"start":{"line":310,"column":8},"end":{"line":310,"column":8},"skip":true}]},"27":{"line":313,"type":"binary-expr","locations":[{"start":{"line":313,"column":27},"end":{"line":313,"column":43},"skip":true},{"start":{"line":313,"column":47},"end":{"line":313,"column":53},"skip":true}]},"28":{"line":317,"type":"if","locations":[{"start":{"line":317,"column":12},"end":{"line":317,"column":12},"skip":true},{"start":{"line":317,"column":12},"end":{"line":317,"column":12},"skip":true}]}},"code":["/*","example.js","","quickstart example","","instruction","    1. save this script as example.js","    2. run the shell command:","        $ npm install npmtest-cordova-plugin-secure-storage && PORT=8081 node example.js","    3. play with the browser-demo on http://127.0.0.1:8081","*/","","","","/* istanbul instrument in package npmtest_cordova_plugin_secure_storage */","/*jslint","    bitwise: true,","    browser: true,","    maxerr: 8,","    maxlen: 96,","    node: true,","    nomen: true,","    regexp: true,","    stupid: true","*/","(function () {","    'use strict';","    var local;","","","","    // run shared js-env code - pre-init","    (function () {","        // init local","        local = {};","        // init modeJs","        local.modeJs = (function () {","            try {","                return typeof navigator.userAgent === 'string' &&","                    typeof document.querySelector('body') === 'object' &&","                    typeof XMLHttpRequest.prototype.open === 'function' &&","                    'browser';","            } catch (errorCaughtBrowser) {","                return module.exports &&","                    typeof process.versions.node === 'string' &&","                    typeof require('http').createServer === 'function' &&","                    'node';","            }","        }());","        // init global","        local.global = local.modeJs === 'browser'","            ? window","            : global;","        // init utility2_rollup","        local = local.global.utility2_rollup || (local.modeJs === 'browser'","            ? local.global.utility2_npmtest_cordova_plugin_secure_storage","            : global.utility2_moduleExports);","        // export local","        local.global.local = local;","    }());","    switch (local.modeJs) {","","","","    // post-init","    // run browser js-env code - post-init","    /* istanbul ignore next */","    case 'browser':","        local.testRunBrowser = function (event) {","            if (!event || (event &&","                    event.currentTarget &&","                    event.currentTarget.className &&","                    event.currentTarget.className.includes &&","                    event.currentTarget.className.includes('onreset'))) {","                // reset output","                Array.from(","                    document.querySelectorAll('body > .resettable')","                ).forEach(function (element) {","                    switch (element.tagName) {","                    case 'INPUT':","                    case 'TEXTAREA':","                        element.value = '';","                        break;","                    default:","                        element.textContent = '';","                    }","                });","            }","            switch (event && event.currentTarget && event.currentTarget.id) {","            case 'testRunButton1':","                // show tests","                if (document.querySelector('#testReportDiv1').style.display === 'none') {","                    document.querySelector('#testReportDiv1').style.display = 'block';","                    document.querySelector('#testRunButton1').textContent =","                        'hide internal test';","                    local.modeTest = true;","                    local.testRunDefault(local);","                // hide tests","                } else {","                    document.querySelector('#testReportDiv1').style.display = 'none';","                    document.querySelector('#testRunButton1').textContent = 'run internal test';","                }","                break;","            // custom-case","            default:","                break;","            }","            if (document.querySelector('#inputTextareaEval1') && (!event || (event &&","                    event.currentTarget &&","                    event.currentTarget.className &&","                    event.currentTarget.className.includes &&","                    event.currentTarget.className.includes('oneval')))) {","                // try to eval input-code","                try {","                    /*jslint evil: true*/","                    eval(document.querySelector('#inputTextareaEval1').value);","                } catch (errorCaught) {","                    console.error(errorCaught);","                }","            }","        };","        // log stderr and stdout to #outputTextareaStdout1","        ['error', 'log'].forEach(function (key) {","            console[key + '_original'] = console[key];","            console[key] = function () {","                var element;","                console[key + '_original'].apply(console, arguments);","                element = document.querySelector('#outputTextareaStdout1');","                if (!element) {","                    return;","                }","                // append text to #outputTextareaStdout1","                element.value += Array.from(arguments).map(function (arg) {","                    return typeof arg === 'string'","                        ? arg","                        : JSON.stringify(arg, null, 4);","                }).join(' ') + '\\n';","                // scroll textarea to bottom","                element.scrollTop = element.scrollHeight;","            };","        });","        // init event-handling","        ['change', 'click', 'keyup'].forEach(function (event) {","            Array.from(document.querySelectorAll('.on' + event)).forEach(function (element) {","                element.addEventListener(event, local.testRunBrowser);","            });","        });","        // run tests","        local.testRunBrowser();","        break;","","","","    // run node js-env code - post-init","    /* istanbul ignore next */","    case 'node':","        // export local","        module.exports = local;","        // require modules","        local.fs = require('fs');","        local.http = require('http');","        local.url = require('url');","        // init assets","        local.assetsDict = local.assetsDict || {};","        /* jslint-ignore-begin */","        local.assetsDict['/assets.index.template.html'] = '\\","<!doctype html>\\n\\","<html lang=\"en\">\\n\\","<head>\\n\\","<meta charset=\"UTF-8\">\\n\\","<meta name=\"viewport\" content=\"width=device-width, initial-scale=1\">\\n\\","<title>{{env.npm_package_name}} (v{{env.npm_package_version}})</title>\\n\\","<style>\\n\\","/*csslint\\n\\","    box-sizing: false,\\n\\","    universal-selector: false\\n\\","*/\\n\\","* {\\n\\","    box-sizing: border-box;\\n\\","}\\n\\","body {\\n\\","    background: #dde;\\n\\","    font-family: Arial, Helvetica, sans-serif;\\n\\","    margin: 2rem;\\n\\","}\\n\\","body > * {\\n\\","    margin-bottom: 1rem;\\n\\","}\\n\\",".utility2FooterDiv {\\n\\","    margin-top: 20px;\\n\\","    text-align: center;\\n\\","}\\n\\","</style>\\n\\","<style>\\n\\","/*csslint\\n\\","*/\\n\\","textarea {\\n\\","    font-family: monospace;\\n\\","    height: 10rem;\\n\\","    width: 100%;\\n\\","}\\n\\","textarea[readonly] {\\n\\","    background: #ddd;\\n\\","}\\n\\","</style>\\n\\","</head>\\n\\","<body>\\n\\","<!-- utility2-comment\\n\\","<div id=\"ajaxProgressDiv1\" style=\"background: #d00; height: 2px; left: 0; margin: 0; padding: 0; position: fixed; top: 0; transition: background 0.5s, width 1.5s; width: 25%;\"></div>\\n\\","utility2-comment -->\\n\\","<h1>\\n\\","<!-- utility2-comment\\n\\","    <a\\n\\","        {{#if env.npm_package_homepage}}\\n\\","        href=\"{{env.npm_package_homepage}}\"\\n\\","        {{/if env.npm_package_homepage}}\\n\\","        target=\"_blank\"\\n\\","    >\\n\\","utility2-comment -->\\n\\","        {{env.npm_package_name}} (v{{env.npm_package_version}})\\n\\","<!-- utility2-comment\\n\\","    </a>\\n\\","utility2-comment -->\\n\\","</h1>\\n\\","<h3>{{env.npm_package_description}}</h3>\\n\\","<!-- utility2-comment\\n\\","<h4><a download href=\"assets.app.js\">download standalone app</a></h4>\\n\\","<button class=\"onclick onreset\" id=\"testRunButton1\">run internal test</button><br>\\n\\","<div id=\"testReportDiv1\" style=\"display: none;\"></div>\\n\\","utility2-comment -->\\n\\","\\n\\","\\n\\","\\n\\","<label>stderr and stdout</label>\\n\\","<textarea class=\"resettable\" id=\"outputTextareaStdout1\" readonly></textarea>\\n\\","<!-- utility2-comment\\n\\","{{#if isRollup}}\\n\\","<script src=\"assets.app.js\"></script>\\n\\","{{#unless isRollup}}\\n\\","utility2-comment -->\\n\\","<script src=\"assets.utility2.rollup.js\"></script>\\n\\","<script src=\"jsonp.utility2._stateInit?callback=window.utility2._stateInit\"></script>\\n\\","<script src=\"assets.npmtest_cordova_plugin_secure_storage.rollup.js\"></script>\\n\\","<script src=\"assets.example.js\"></script>\\n\\","<script src=\"assets.test.js\"></script>\\n\\","<!-- utility2-comment\\n\\","{{/if isRollup}}\\n\\","utility2-comment -->\\n\\","<div class=\"utility2FooterDiv\">\\n\\","    [ this app was created with\\n\\","    <a href=\"https://github.com/kaizhu256/node-utility2\" target=\"_blank\">utility2</a>\\n\\","    ]\\n\\","</div>\\n\\","</body>\\n\\","</html>\\n\\","';","        /* jslint-ignore-end */","        if (local.templateRender) {","            local.assetsDict['/'] = local.templateRender(","                local.assetsDict['/assets.index.template.html'],","                {","                    env: local.objectSetDefault(local.env, {","                        npm_package_description: 'the greatest app in the world!',","                        npm_package_name: 'my-app',","                        npm_package_nameAlias: 'my_app',","                        npm_package_version: '0.0.1'","                    })","                }","            );","        } else {","            local.assetsDict['/'] = local.assetsDict['/assets.index.template.html']","                .replace((/\\{\\{env\\.(\\w+?)\\}\\}/g), function (match0, match1) {","                    // jslint-hack","                    String(match0);","                    switch (match1) {","                    case 'npm_package_description':","                        return 'the greatest app in the world!';","                    case 'npm_package_name':","                        return 'my-app';","                    case 'npm_package_nameAlias':","                        return 'my_app';","                    case 'npm_package_version':","                        return '0.0.1';","                    }","                });","        }","        // run the cli","        if (local.global.utility2_rollup || module !== require.main) {","            break;","        }","        local.assetsDict['/assets.example.js'] =","            local.assetsDict['/assets.example.js'] ||","            local.fs.readFileSync(__filename, 'utf8');","        // bug-workaround - long $npm_package_buildCustomOrg","        /* jslint-ignore-begin */","        local.assetsDict['/assets.npmtest_cordova_plugin_secure_storage.rollup.js'] =","            local.assetsDict['/assets.npmtest_cordova_plugin_secure_storage.rollup.js'] ||","            local.fs.readFileSync(","                local.npmtest_cordova_plugin_secure_storage.__dirname + '/lib.npmtest_cordova_plugin_secure_storage.js',","                'utf8'","            ).replace((/^#!/), '//');","        /* jslint-ignore-end */","        local.assetsDict['/favicon.ico'] = local.assetsDict['/favicon.ico'] || '';","        // if $npm_config_timeout_exit exists,","        // then exit this process after $npm_config_timeout_exit ms","        if (Number(process.env.npm_config_timeout_exit)) {","            setTimeout(process.exit, Number(process.env.npm_config_timeout_exit));","        }","        // start server","        if (local.global.utility2_serverHttp1) {","            break;","        }","        process.env.PORT = process.env.PORT || '8081';","        console.error('server starting on port ' + process.env.PORT);","        local.http.createServer(function (request, response) {","            request.urlParsed = local.url.parse(request.url);","            if (local.assetsDict[request.urlParsed.pathname] !== undefined) {","                response.end(local.assetsDict[request.urlParsed.pathname]);","                return;","            }","            response.statusCode = 404;","            response.end();","        }).listen(process.env.PORT);","        break;","    }","}());",""],"l":{"26":2,"28":2,"33":2,"35":2,"37":2,"38":2,"39":2,"44":1,"51":2,"55":2,"59":2,"61":2,"69":1,"70":2,"76":2,"79":2,"82":2,"83":2,"85":1,"89":2,"92":1,"93":1,"94":1,"96":1,"97":1,"100":1,"101":1,"103":1,"106":1,"108":2,"114":1,"116":1,"118":1,"123":1,"124":2,"125":2,"126":3,"127":3,"128":3,"129":3,"130":1,"133":3,"134":3,"139":3,"143":1,"144":3,"145":1,"149":1,"150":1,"158":1,"160":1,"161":1,"162":1,"164":1,"166":1,"258":1,"259":1,"271":1,"274":6,"275":6,"277":1,"279":2,"281":1,"283":2,"288":1,"289":1,"291":1,"296":1,"303":1,"306":1,"307":1,"310":1,"311":1,"313":1,"314":1,"315":1,"316":1,"317":1,"318":1,"319":1,"321":1,"322":1,"324":1}},"/home/travis/build/npmtest/node-npmtest-cordova-plugin-secure-storage/node_modules/cordova-plugin-secure-storage/www/securestorage.js":{"path":"/home/travis/build/npmtest/node-npmtest-cordova-plugin-secure-storage/node_modules/cordova-plugin-secure-storage/www/securestorage.js","s":{"1":2,"2":2,"3":0,"4":0,"5":0,"6":0,"7":0,"8":0,"9":0,"10":0,"11":0,"12":0,"13":0,"14":0,"15":0,"16":0,"17":0,"18":0,"19":0,"20":0,"21":0,"22":0,"23":0,"24":0,"25":0,"26":0,"27":0,"28":0,"29":0,"30":0,"31":0,"32":0,"33":0,"34":0,"35":0,"36":0,"37":0,"38":0,"39":0,"40":0,"41":0,"42":0,"43":0,"44":0,"45":0,"46":0,"47":0,"48":0,"49":0,"50":0,"51":0,"52":0,"53":0,"54":0,"55":0,"56":0,"57":0,"58":0,"59":0,"60":0,"61":0,"62":0,"63":0,"64":0,"65":0,"66":0,"67":0,"68":0,"69":0,"70":0,"71":0,"72":0,"73":0,"74":0,"75":0,"76":0,"77":0,"78":0,"79":0,"80":0,"81":0,"82":0,"83":0,"84":0,"85":0,"86":0,"87":0,"88":0,"89":0,"90":0,"91":0,"92":0,"93":0,"94":0,"95":0,"96":0,"97":0,"98":0,"99":0,"100":0,"101":0,"102":0,"103":0,"104":0,"105":0,"106":0,"107":0,"108":0,"109":0,"110":0,"111":0,"112":0,"113":0,"114":0,"115":0,"116":0,"117":0,"118":0,"119":0,"120":0,"121":0,"122":0,"123":0,"124":0,"125":0,"126":0,"127":0,"128":0,"129":0,"130":0,"131":0,"132":0,"133":0,"134":0,"135":0,"136":0,"137":0,"138":0,"139":0,"140":0,"141":0,"142":0,"143":0,"144":0,"145":0,"146":0,"147":0,"148":0,"149":0,"150":0,"151":0,"152":0,"153":0,"154":0,"155":0,"156":0,"157":0,"158":0,"159":0,"160":0,"161":0,"162":0,"163":0,"164":0,"165":0,"166":0,"167":0,"168":0,"169":0,"170":0,"171":0,"172":0,"173":0,"174":0,"175":0,"176":0,"177":0,"178":0,"179":0,"180":0,"181":0,"182":0,"183":0,"184":0,"185":0,"186":0,"187":0,"188":0,"189":0,"190":0,"191":0,"192":0,"193":0,"194":0,"195":0,"196":0,"197":0,"198":0,"199":0,"200":0,"201":0,"202":0,"203":0,"204":0,"205":0,"206":0,"207":0,"208":0,"209":0,"210":0,"211":0,"212":0,"213":0,"214":0,"215":0,"216":0,"217":0,"218":0,"219":0,"220":0,"221":0,"222":0,"223":0,"224":0,"225":0,"226":0,"227":0,"228":0,"229":0,"230":0,"231":0,"232":0,"233":0,"234":0,"235":0,"236":0,"237":0,"238":0,"239":0},"b":{"1":[0,0],"2":[0,0],"3":[0,0],"4":[0,0],"5":[0,0],"6":[0,0],"7":[0,0],"8":[0,0],"9":[0,0],"10":[0,0],"11":[0,0],"12":[0,0],"13":[0,0],"14":[0,0],"15":[0,0],"16":[0,0],"17":[0,0],"18":[0,0],"19":[0,0],"20":[0,0],"21":[0,0],"22":[0,0],"23":[0,0],"24":[0,0],"25":[0,0],"26":[0,0],"27":[0,0,0,0,0],"28":[0,0],"29":[0,0],"30":[0,0],"31":[0,0]},"f":{"1":0,"2":0,"3":0,"4":0,"5":0,"6":0,"7":0,"8":0,"9":0,"10":0,"11":0,"12":0,"13":0,"14":0,"15":0,"16":0,"17":0,"18":0,"19":0,"20":0,"21":0,"22":0,"23":0,"24":0,"25":0,"26":0,"27":0,"28":0,"29":0,"30":0,"31":0,"32":0,"33":0,"34":0,"35":0,"36":0,"37":0,"38":0,"39":0,"40":0,"41":0,"42":0,"43":0,"44":0,"45":0,"46":0,"47":0,"48":0,"49":0,"50":0,"51":0,"52":0,"53":0,"54":0,"55":0,"56":0,"57":0,"58":0,"59":0,"60":0,"61":0,"62":0,"63":0,"64":0,"65":0,"66":0},"fnMap":{"1":{"name":"(anonymous_1)","line":10,"loc":{"start":{"line":10,"column":22},"end":{"line":10,"column":48}}},"2":{"name":"isString","line":20,"loc":{"start":{"line":20,"column":16},"end":{"line":20,"column":37}}},"3":{"name":"(anonymous_3)","line":24,"loc":{"start":{"line":24,"column":21},"end":{"line":24,"column":36}}},"4":{"name":"(anonymous_4)","line":30,"loc":{"start":{"line":30,"column":21},"end":{"line":30,"column":49}}},"5":{"name":"(anonymous_5)","line":57,"loc":{"start":{"line":57,"column":27},"end":{"line":57,"column":77}}},"6":{"name":"(anonymous_6)","line":64,"loc":{"start":{"line":64,"column":11},"end":{"line":64,"column":25}}},"7":{"name":"(anonymous_7)","line":77,"loc":{"start":{"line":77,"column":19},"end":{"line":77,"column":54}}},"8":{"name":"(anonymous_8)","line":84,"loc":{"start":{"line":84,"column":9},"end":{"line":84,"column":40}}},"9":{"name":"(anonymous_9)","line":92,"loc":{"start":{"line":92,"column":9},"end":{"line":92,"column":47}}},"10":{"name":"(anonymous_10)","line":101,"loc":{"start":{"line":101,"column":12},"end":{"line":101,"column":43}}},"11":{"name":"(anonymous_11)","line":109,"loc":{"start":{"line":109,"column":10},"end":{"line":109,"column":36}}},"12":{"name":"(anonymous_12)","line":117,"loc":{"start":{"line":117,"column":11},"end":{"line":117,"column":37}}},"13":{"name":"(anonymous_13)","line":130,"loc":{"start":{"line":130,"column":23},"end":{"line":130,"column":67}}},"14":{"name":"(anonymous_14)","line":139,"loc":{"start":{"line":139,"column":12},"end":{"line":139,"column":44}}},"15":{"name":"(anonymous_15)","line":142,"loc":{"start":{"line":142,"column":42},"end":{"line":142,"column":54}}},"16":{"name":"(anonymous_16)","line":148,"loc":{"start":{"line":148,"column":28},"end":{"line":148,"column":40}}},"17":{"name":"(anonymous_17)","line":151,"loc":{"start":{"line":151,"column":28},"end":{"line":151,"column":39}}},"18":{"name":"(anonymous_18)","line":164,"loc":{"start":{"line":164,"column":24},"end":{"line":164,"column":36}}},"19":{"name":"(anonymous_19)","line":167,"loc":{"start":{"line":167,"column":24},"end":{"line":167,"column":35}}},"20":{"name":"(anonymous_20)","line":191,"loc":{"start":{"line":191,"column":9},"end":{"line":191,"column":40}}},"21":{"name":"(anonymous_21)","line":203,"loc":{"start":{"line":203,"column":9},"end":{"line":203,"column":47}}},"22":{"name":"(anonymous_22)","line":216,"loc":{"start":{"line":216,"column":10},"end":{"line":216,"column":36}}},"23":{"name":"(anonymous_23)","line":219,"loc":{"start":{"line":219,"column":16},"end":{"line":219,"column":31}}},"24":{"name":"(anonymous_24)","line":237,"loc":{"start":{"line":237,"column":12},"end":{"line":237,"column":43}}},"25":{"name":"(anonymous_25)","line":240,"loc":{"start":{"line":240,"column":16},"end":{"line":240,"column":28}}},"26":{"name":"(anonymous_26)","line":252,"loc":{"start":{"line":252,"column":18},"end":{"line":252,"column":44}}},"27":{"name":"(anonymous_27)","line":265,"loc":{"start":{"line":265,"column":11},"end":{"line":265,"column":37}}},"28":{"name":"(anonymous_28)","line":278,"loc":{"start":{"line":278,"column":12},"end":{"line":278,"column":43}}},"29":{"name":"(anonymous_29)","line":280,"loc":{"start":{"line":280,"column":12},"end":{"line":280,"column":29}}},"30":{"name":"(anonymous_30)","line":289,"loc":{"start":{"line":289,"column":15},"end":{"line":289,"column":46}}},"31":{"name":"(anonymous_31)","line":292,"loc":{"start":{"line":292,"column":12},"end":{"line":292,"column":29}}},"32":{"name":"(anonymous_32)","line":295,"loc":{"start":{"line":295,"column":20},"end":{"line":295,"column":38}}},"33":{"name":"(anonymous_33)","line":316,"loc":{"start":{"line":316,"column":15},"end":{"line":316,"column":53}}},"34":{"name":"(anonymous_34)","line":324,"loc":{"start":{"line":324,"column":12},"end":{"line":324,"column":30}}},"35":{"name":"(anonymous_35)","line":326,"loc":{"start":{"line":326,"column":20},"end":{"line":326,"column":32}}},"36":{"name":"(anonymous_36)","line":340,"loc":{"start":{"line":340,"column":17},"end":{"line":340,"column":48}}},"37":{"name":"(anonymous_37)","line":349,"loc":{"start":{"line":349,"column":17},"end":{"line":349,"column":55}}},"38":{"name":"(anonymous_38)","line":351,"loc":{"start":{"line":351,"column":12},"end":{"line":351,"column":24}}},"39":{"name":"(anonymous_39)","line":360,"loc":{"start":{"line":360,"column":32},"end":{"line":360,"column":51}}},"40":{"name":"(anonymous_40)","line":369,"loc":{"start":{"line":369,"column":19},"end":{"line":369,"column":31}}},"41":{"name":"(anonymous_41)","line":371,"loc":{"start":{"line":371,"column":16},"end":{"line":371,"column":28}}},"42":{"name":"(anonymous_42)","line":374,"loc":{"start":{"line":374,"column":16},"end":{"line":374,"column":28}}},"43":{"name":"(anonymous_43)","line":381,"loc":{"start":{"line":381,"column":24},"end":{"line":381,"column":36}}},"44":{"name":"(anonymous_44)","line":388,"loc":{"start":{"line":388,"column":23},"end":{"line":388,"column":45}}},"45":{"name":"(anonymous_45)","line":390,"loc":{"start":{"line":390,"column":16},"end":{"line":390,"column":28}}},"46":{"name":"(anonymous_46)","line":394,"loc":{"start":{"line":394,"column":16},"end":{"line":394,"column":28}}},"47":{"name":"(anonymous_47)","line":418,"loc":{"start":{"line":418,"column":28},"end":{"line":418,"column":47}}},"48":{"name":"(anonymous_48)","line":426,"loc":{"start":{"line":426,"column":19},"end":{"line":426,"column":31}}},"49":{"name":"(anonymous_49)","line":428,"loc":{"start":{"line":428,"column":16},"end":{"line":428,"column":28}}},"50":{"name":"(anonymous_50)","line":431,"loc":{"start":{"line":431,"column":16},"end":{"line":431,"column":28}}},"51":{"name":"(anonymous_51)","line":438,"loc":{"start":{"line":438,"column":23},"end":{"line":438,"column":35}}},"52":{"name":"(anonymous_52)","line":445,"loc":{"start":{"line":445,"column":21},"end":{"line":445,"column":36}}},"53":{"name":"(anonymous_53)","line":448,"loc":{"start":{"line":448,"column":16},"end":{"line":448,"column":33}}},"54":{"name":"(anonymous_54)","line":452,"loc":{"start":{"line":452,"column":28},"end":{"line":452,"column":45}}},"55":{"name":"(anonymous_55)","line":454,"loc":{"start":{"line":454,"column":36},"end":{"line":454,"column":48}}},"56":{"name":"(anonymous_56)","line":457,"loc":{"start":{"line":457,"column":36},"end":{"line":457,"column":48}}},"57":{"name":"(anonymous_57)","line":462,"loc":{"start":{"line":462,"column":28},"end":{"line":462,"column":40}}},"58":{"name":"(anonymous_58)","line":469,"loc":{"start":{"line":469,"column":16},"end":{"line":469,"column":28}}},"59":{"name":"(anonymous_59)","line":477,"loc":{"start":{"line":477,"column":12},"end":{"line":477,"column":28}}},"60":{"name":"(anonymous_60)","line":488,"loc":{"start":{"line":488,"column":12},"end":{"line":488,"column":24}}},"61":{"name":"(anonymous_61)","line":496,"loc":{"start":{"line":496,"column":23},"end":{"line":496,"column":58}}},"62":{"name":"(anonymous_62)","line":504,"loc":{"start":{"line":504,"column":9},"end":{"line":504,"column":40}}},"63":{"name":"(anonymous_63)","line":519,"loc":{"start":{"line":519,"column":9},"end":{"line":519,"column":47}}},"64":{"name":"(anonymous_64)","line":530,"loc":{"start":{"line":530,"column":12},"end":{"line":530,"column":43}}},"65":{"name":"(anonymous_65)","line":535,"loc":{"start":{"line":535,"column":10},"end":{"line":535,"column":36}}},"66":{"name":"(anonymous_66)","line":551,"loc":{"start":{"line":551,"column":11},"end":{"line":551,"column":37}}}},"statementMap":{"1":{"start":{"line":1,"column":0},"end":{"line":1,"column":102}},"2":{"start":{"line":2,"column":0},"end":{"line":2,"column":71}},"3":{"start":{"line":3,"column":0},"end":{"line":8,"column":2}},"4":{"start":{"line":10,"column":0},"end":{"line":17,"column":2}},"5":{"start":{"line":11,"column":4},"end":{"line":13,"column":5}},"6":{"start":{"line":12,"column":8},"end":{"line":12,"column":96}},"7":{"start":{"line":14,"column":4},"end":{"line":16,"column":5}},"8":{"start":{"line":15,"column":8},"end":{"line":15,"column":94}},"9":{"start":{"line":20,"column":0},"end":{"line":22,"column":2}},"10":{"start":{"line":21,"column":4},"end":{"line":21,"column":67}},"11":{"start":{"line":24,"column":0},"end":{"line":28,"column":2}},"12":{"start":{"line":25,"column":4},"end":{"line":27,"column":5}},"13":{"start":{"line":26,"column":8},"end":{"line":26,"column":49}},"14":{"start":{"line":30,"column":0},"end":{"line":46,"column":2}},"15":{"start":{"line":31,"column":4},"end":{"line":31,"column":17}},"16":{"start":{"line":32,"column":4},"end":{"line":32,"column":17}},"17":{"start":{"line":34,"column":4},"end":{"line":36,"column":5}},"18":{"start":{"line":35,"column":8},"end":{"line":35,"column":43}},"19":{"start":{"line":37,"column":4},"end":{"line":43,"column":5}},"20":{"start":{"line":38,"column":8},"end":{"line":42,"column":9}},"21":{"start":{"line":39,"column":12},"end":{"line":39,"column":46}},"22":{"start":{"line":41,"column":12},"end":{"line":41,"column":81}},"23":{"start":{"line":45,"column":4},"end":{"line":45,"column":15}},"24":{"start":{"line":57,"column":0},"end":{"line":75,"column":2}},"25":{"start":{"line":58,"column":4},"end":{"line":58,"column":13}},"26":{"start":{"line":60,"column":4},"end":{"line":60,"column":36}},"27":{"start":{"line":64,"column":4},"end":{"line":72,"column":6}},"28":{"start":{"line":66,"column":8},"end":{"line":71,"column":9}},"29":{"start":{"line":67,"column":12},"end":{"line":67,"column":77}},"30":{"start":{"line":70,"column":12},"end":{"line":70,"column":57}},"31":{"start":{"line":74,"column":4},"end":{"line":74,"column":73}},"32":{"start":{"line":77,"column":0},"end":{"line":81,"column":2}},"33":{"start":{"line":78,"column":4},"end":{"line":78,"column":27}},"34":{"start":{"line":79,"column":4},"end":{"line":79,"column":27}},"35":{"start":{"line":80,"column":4},"end":{"line":80,"column":16}},"36":{"start":{"line":83,"column":0},"end":{"line":124,"column":2}},"37":{"start":{"line":85,"column":8},"end":{"line":89,"column":9}},"38":{"start":{"line":86,"column":12},"end":{"line":86,"column":77}},"39":{"start":{"line":88,"column":12},"end":{"line":88,"column":21}},"40":{"start":{"line":93,"column":8},"end":{"line":98,"column":9}},"41":{"start":{"line":94,"column":12},"end":{"line":94,"column":34}},"42":{"start":{"line":95,"column":12},"end":{"line":95,"column":84}},"43":{"start":{"line":97,"column":12},"end":{"line":97,"column":21}},"44":{"start":{"line":102,"column":8},"end":{"line":106,"column":9}},"45":{"start":{"line":103,"column":12},"end":{"line":103,"column":80}},"46":{"start":{"line":105,"column":12},"end":{"line":105,"column":21}},"47":{"start":{"line":110,"column":8},"end":{"line":114,"column":9}},"48":{"start":{"line":111,"column":12},"end":{"line":111,"column":73}},"49":{"start":{"line":113,"column":12},"end":{"line":113,"column":21}},"50":{"start":{"line":118,"column":8},"end":{"line":122,"column":9}},"51":{"start":{"line":119,"column":12},"end":{"line":119,"column":74}},"52":{"start":{"line":121,"column":12},"end":{"line":121,"column":21}},"53":{"start":{"line":128,"column":0},"end":{"line":128,"column":40}},"54":{"start":{"line":130,"column":0},"end":{"line":183,"column":2}},"55":{"start":{"line":131,"column":4},"end":{"line":131,"column":20}},"56":{"start":{"line":132,"column":4},"end":{"line":134,"column":5}},"57":{"start":{"line":133,"column":8},"end":{"line":133,"column":61}},"58":{"start":{"line":136,"column":4},"end":{"line":136,"column":27}},"59":{"start":{"line":137,"column":4},"end":{"line":181,"column":5}},"60":{"start":{"line":138,"column":8},"end":{"line":178,"column":10}},"61":{"start":{"line":140,"column":16},"end":{"line":140,"column":44}},"62":{"start":{"line":142,"column":16},"end":{"line":158,"column":18}},"63":{"start":{"line":143,"column":20},"end":{"line":143,"column":86}},"64":{"start":{"line":144,"column":20},"end":{"line":157,"column":21}},"65":{"start":{"line":145,"column":24},"end":{"line":145,"column":34}},"66":{"start":{"line":147,"column":24},"end":{"line":156,"column":26}},"67":{"start":{"line":149,"column":32},"end":{"line":149,"column":42}},"68":{"start":{"line":152,"column":32},"end":{"line":152,"column":69}},"69":{"start":{"line":160,"column":16},"end":{"line":173,"column":17}},"70":{"start":{"line":161,"column":20},"end":{"line":161,"column":77}},"71":{"start":{"line":163,"column":20},"end":{"line":172,"column":22}},"72":{"start":{"line":165,"column":28},"end":{"line":165,"column":54}},"73":{"start":{"line":168,"column":28},"end":{"line":168,"column":85}},"74":{"start":{"line":180,"column":8},"end":{"line":180,"column":17}},"75":{"start":{"line":182,"column":4},"end":{"line":182,"column":16}},"76":{"start":{"line":185,"column":0},"end":{"line":494,"column":2}},"77":{"start":{"line":192,"column":8},"end":{"line":200,"column":9}},"78":{"start":{"line":193,"column":12},"end":{"line":197,"column":13}},"79":{"start":{"line":194,"column":16},"end":{"line":194,"column":54}},"80":{"start":{"line":196,"column":16},"end":{"line":196,"column":52}},"81":{"start":{"line":199,"column":12},"end":{"line":199,"column":21}},"82":{"start":{"line":204,"column":8},"end":{"line":213,"column":9}},"83":{"start":{"line":205,"column":12},"end":{"line":205,"column":34}},"84":{"start":{"line":206,"column":12},"end":{"line":210,"column":13}},"85":{"start":{"line":207,"column":16},"end":{"line":207,"column":61}},"86":{"start":{"line":209,"column":16},"end":{"line":209,"column":59}},"87":{"start":{"line":212,"column":12},"end":{"line":212,"column":21}},"88":{"start":{"line":217,"column":8},"end":{"line":234,"column":9}},"89":{"start":{"line":218,"column":12},"end":{"line":231,"column":14}},"90":{"start":{"line":220,"column":20},"end":{"line":220,"column":55}},"91":{"start":{"line":221,"column":20},"end":{"line":225,"column":21}},"92":{"start":{"line":222,"column":24},"end":{"line":224,"column":25}},"93":{"start":{"line":223,"column":28},"end":{"line":223,"column":55}},"94":{"start":{"line":226,"column":20},"end":{"line":226,"column":34}},"95":{"start":{"line":233,"column":12},"end":{"line":233,"column":21}},"96":{"start":{"line":238,"column":8},"end":{"line":249,"column":9}},"97":{"start":{"line":239,"column":12},"end":{"line":246,"column":14}},"98":{"start":{"line":241,"column":20},"end":{"line":241,"column":33}},"99":{"start":{"line":248,"column":12},"end":{"line":248,"column":21}},"100":{"start":{"line":253,"column":8},"end":{"line":262,"column":9}},"101":{"start":{"line":254,"column":12},"end":{"line":259,"column":14}},"102":{"start":{"line":261,"column":12},"end":{"line":261,"column":21}},"103":{"start":{"line":266,"column":8},"end":{"line":275,"column":9}},"104":{"start":{"line":267,"column":12},"end":{"line":272,"column":14}},"105":{"start":{"line":274,"column":12},"end":{"line":274,"column":21}},"106":{"start":{"line":279,"column":8},"end":{"line":286,"column":10}},"107":{"start":{"line":281,"column":16},"end":{"line":281,"column":31}},"108":{"start":{"line":290,"column":8},"end":{"line":290,"column":20}},"109":{"start":{"line":291,"column":8},"end":{"line":313,"column":10}},"110":{"start":{"line":293,"column":16},"end":{"line":293,"column":44}},"111":{"start":{"line":294,"column":16},"end":{"line":308,"column":18}},"112":{"start":{"line":296,"column":24},"end":{"line":296,"column":46}},"113":{"start":{"line":297,"column":24},"end":{"line":303,"column":25}},"114":{"start":{"line":298,"column":28},"end":{"line":298,"column":77}},"115":{"start":{"line":299,"column":28},"end":{"line":299,"column":79}},"116":{"start":{"line":300,"column":28},"end":{"line":300,"column":43}},"117":{"start":{"line":302,"column":28},"end":{"line":302,"column":37}},"118":{"start":{"line":317,"column":8},"end":{"line":317,"column":29}},"119":{"start":{"line":319,"column":8},"end":{"line":319,"column":47}},"120":{"start":{"line":320,"column":8},"end":{"line":320,"column":40}},"121":{"start":{"line":321,"column":8},"end":{"line":321,"column":62}},"122":{"start":{"line":323,"column":8},"end":{"line":337,"column":10}},"123":{"start":{"line":325,"column":16},"end":{"line":332,"column":18}},"124":{"start":{"line":327,"column":24},"end":{"line":327,"column":37}},"125":{"start":{"line":341,"column":8},"end":{"line":346,"column":10}},"126":{"start":{"line":350,"column":8},"end":{"line":357,"column":10}},"127":{"start":{"line":352,"column":16},"end":{"line":352,"column":29}},"128":{"start":{"line":361,"column":8},"end":{"line":361,"column":16}},"129":{"start":{"line":362,"column":8},"end":{"line":362,"column":35}},"130":{"start":{"line":363,"column":8},"end":{"line":363,"column":27}},"131":{"start":{"line":364,"column":8},"end":{"line":364,"column":33}},"132":{"start":{"line":365,"column":8},"end":{"line":365,"column":26}},"133":{"start":{"line":366,"column":8},"end":{"line":366,"column":21}},"134":{"start":{"line":367,"column":8},"end":{"line":367,"column":25}},"135":{"start":{"line":369,"column":8},"end":{"line":379,"column":10}},"136":{"start":{"line":370,"column":12},"end":{"line":378,"column":14}},"137":{"start":{"line":372,"column":20},"end":{"line":372,"column":30}},"138":{"start":{"line":381,"column":8},"end":{"line":386,"column":10}},"139":{"start":{"line":382,"column":12},"end":{"line":382,"column":31}},"140":{"start":{"line":383,"column":12},"end":{"line":385,"column":13}},"141":{"start":{"line":384,"column":16},"end":{"line":384,"column":27}},"142":{"start":{"line":388,"column":8},"end":{"line":399,"column":10}},"143":{"start":{"line":389,"column":12},"end":{"line":398,"column":14}},"144":{"start":{"line":391,"column":20},"end":{"line":391,"column":49}},"145":{"start":{"line":392,"column":20},"end":{"line":392,"column":36}},"146":{"start":{"line":401,"column":8},"end":{"line":406,"column":9}},"147":{"start":{"line":402,"column":12},"end":{"line":405,"column":13}},"148":{"start":{"line":403,"column":16},"end":{"line":403,"column":29}},"149":{"start":{"line":404,"column":16},"end":{"line":404,"column":67}},"150":{"start":{"line":407,"column":8},"end":{"line":415,"column":9}},"151":{"start":{"line":408,"column":12},"end":{"line":408,"column":23}},"152":{"start":{"line":410,"column":12},"end":{"line":414,"column":13}},"153":{"start":{"line":411,"column":16},"end":{"line":413,"column":17}},"154":{"start":{"line":412,"column":20},"end":{"line":412,"column":62}},"155":{"start":{"line":419,"column":8},"end":{"line":419,"column":24}},"156":{"start":{"line":420,"column":8},"end":{"line":420,"column":35}},"157":{"start":{"line":421,"column":8},"end":{"line":421,"column":25}},"158":{"start":{"line":422,"column":8},"end":{"line":422,"column":21}},"159":{"start":{"line":423,"column":8},"end":{"line":423,"column":23}},"160":{"start":{"line":424,"column":8},"end":{"line":424,"column":14}},"161":{"start":{"line":426,"column":8},"end":{"line":436,"column":10}},"162":{"start":{"line":427,"column":12},"end":{"line":435,"column":14}},"163":{"start":{"line":429,"column":20},"end":{"line":429,"column":30}},"164":{"start":{"line":438,"column":8},"end":{"line":443,"column":10}},"165":{"start":{"line":439,"column":12},"end":{"line":439,"column":28}},"166":{"start":{"line":440,"column":12},"end":{"line":442,"column":13}},"167":{"start":{"line":441,"column":16},"end":{"line":441,"column":27}},"168":{"start":{"line":445,"column":8},"end":{"line":474,"column":10}},"169":{"start":{"line":446,"column":12},"end":{"line":446,"column":24}},"170":{"start":{"line":447,"column":12},"end":{"line":473,"column":14}},"171":{"start":{"line":449,"column":20},"end":{"line":449,"column":48}},"172":{"start":{"line":450,"column":20},"end":{"line":467,"column":21}},"173":{"start":{"line":451,"column":24},"end":{"line":464,"column":26}},"174":{"start":{"line":453,"column":32},"end":{"line":460,"column":34}},"175":{"start":{"line":455,"column":40},"end":{"line":455,"column":55}},"176":{"start":{"line":466,"column":24},"end":{"line":466,"column":39}},"177":{"start":{"line":476,"column":8},"end":{"line":492,"column":10}},"178":{"start":{"line":478,"column":16},"end":{"line":478,"column":34}},"179":{"start":{"line":479,"column":16},"end":{"line":479,"column":38}},"180":{"start":{"line":480,"column":16},"end":{"line":486,"column":17}},"181":{"start":{"line":481,"column":20},"end":{"line":481,"column":31}},"182":{"start":{"line":483,"column":20},"end":{"line":485,"column":21}},"183":{"start":{"line":484,"column":24},"end":{"line":484,"column":44}},"184":{"start":{"line":496,"column":0},"end":{"line":500,"column":2}},"185":{"start":{"line":497,"column":4},"end":{"line":497,"column":27}},"186":{"start":{"line":498,"column":4},"end":{"line":498,"column":27}},"187":{"start":{"line":499,"column":4},"end":{"line":499,"column":16}},"188":{"start":{"line":502,"column":0},"end":{"line":567,"column":2}},"189":{"start":{"line":505,"column":8},"end":{"line":505,"column":18}},"190":{"start":{"line":506,"column":8},"end":{"line":516,"column":9}},"191":{"start":{"line":507,"column":12},"end":{"line":507,"column":44}},"192":{"start":{"line":508,"column":12},"end":{"line":508,"column":55}},"193":{"start":{"line":509,"column":12},"end":{"line":513,"column":13}},"194":{"start":{"line":510,"column":16},"end":{"line":510,"column":65}},"195":{"start":{"line":512,"column":16},"end":{"line":512,"column":31}},"196":{"start":{"line":515,"column":12},"end":{"line":515,"column":21}},"197":{"start":{"line":520,"column":8},"end":{"line":527,"column":9}},"198":{"start":{"line":521,"column":12},"end":{"line":521,"column":34}},"199":{"start":{"line":522,"column":12},"end":{"line":522,"column":44}},"200":{"start":{"line":523,"column":12},"end":{"line":523,"column":54}},"201":{"start":{"line":524,"column":12},"end":{"line":524,"column":25}},"202":{"start":{"line":526,"column":12},"end":{"line":526,"column":21}},"203":{"start":{"line":531,"column":8},"end":{"line":531,"column":46}},"204":{"start":{"line":532,"column":8},"end":{"line":532,"column":21}},"205":{"start":{"line":536,"column":8},"end":{"line":536,"column":35}},"206":{"start":{"line":537,"column":8},"end":{"line":548,"column":9}},"207":{"start":{"line":538,"column":12},"end":{"line":538,"column":44}},"208":{"start":{"line":539,"column":12},"end":{"line":544,"column":13}},"209":{"start":{"line":540,"column":16},"end":{"line":540,"column":42}},"210":{"start":{"line":541,"column":16},"end":{"line":543,"column":17}},"211":{"start":{"line":542,"column":20},"end":{"line":542,"column":44}},"212":{"start":{"line":545,"column":12},"end":{"line":545,"column":26}},"213":{"start":{"line":547,"column":12},"end":{"line":547,"column":21}},"214":{"start":{"line":552,"column":8},"end":{"line":552,"column":19}},"215":{"start":{"line":553,"column":8},"end":{"line":565,"column":9}},"216":{"start":{"line":554,"column":12},"end":{"line":554,"column":44}},"217":{"start":{"line":555,"column":12},"end":{"line":555,"column":36}},"218":{"start":{"line":556,"column":12},"end":{"line":561,"column":13}},"219":{"start":{"line":557,"column":16},"end":{"line":557,"column":42}},"220":{"start":{"line":558,"column":16},"end":{"line":560,"column":17}},"221":{"start":{"line":559,"column":20},"end":{"line":559,"column":49}},"222":{"start":{"line":562,"column":12},"end":{"line":562,"column":22}},"223":{"start":{"line":564,"column":12},"end":{"line":564,"column":21}},"224":{"start":{"line":569,"column":0},"end":{"line":584,"column":1}},"225":{"start":{"line":571,"column":4},"end":{"line":571,"column":37}},"226":{"start":{"line":572,"column":4},"end":{"line":572,"column":10}},"227":{"start":{"line":574,"column":4},"end":{"line":574,"column":41}},"228":{"start":{"line":575,"column":4},"end":{"line":575,"column":10}},"229":{"start":{"line":577,"column":4},"end":{"line":577,"column":41}},"230":{"start":{"line":578,"column":4},"end":{"line":578,"column":10}},"231":{"start":{"line":580,"column":4},"end":{"line":580,"column":41}},"232":{"start":{"line":581,"column":4},"end":{"line":581,"column":10}},"233":{"start":{"line":583,"column":4},"end":{"line":583,"column":25}},"234":{"start":{"line":586,"column":0},"end":{"line":588,"column":1}},"235":{"start":{"line":587,"column":4},"end":{"line":587,"column":25}},"236":{"start":{"line":590,"column":0},"end":{"line":592,"column":1}},"237":{"start":{"line":591,"column":4},"end":{"line":591,"column":50}},"238":{"start":{"line":594,"column":0},"end":{"line":596,"column":1}},"239":{"start":{"line":595,"column":4},"end":{"line":595,"column":35}}},"branchMap":{"1":{"line":11,"type":"if","locations":[{"start":{"line":11,"column":4},"end":{"line":11,"column":4}},{"start":{"line":11,"column":4},"end":{"line":11,"column":4}}]},"2":{"line":14,"type":"if","locations":[{"start":{"line":14,"column":4},"end":{"line":14,"column":4}},{"start":{"line":14,"column":4},"end":{"line":14,"column":4}}]},"3":{"line":25,"type":"if","locations":[{"start":{"line":25,"column":4},"end":{"line":25,"column":4}},{"start":{"line":25,"column":4},"end":{"line":25,"column":4}}]},"4":{"line":38,"type":"if","locations":[{"start":{"line":38,"column":8},"end":{"line":38,"column":8}},{"start":{"line":38,"column":8},"end":{"line":38,"column":8}}]},"5":{"line":66,"type":"if","locations":[{"start":{"line":66,"column":8},"end":{"line":66,"column":8}},{"start":{"line":66,"column":8},"end":{"line":66,"column":8}}]},"6":{"line":70,"type":"cond-expr","locations":[{"start":{"line":70,"column":35},"end":{"line":70,"column":49}},{"start":{"line":70,"column":52},"end":{"line":70,"column":55}}]},"7":{"line":132,"type":"if","locations":[{"start":{"line":132,"column":4},"end":{"line":132,"column":4}},{"start":{"line":132,"column":4},"end":{"line":132,"column":4}}]},"8":{"line":143,"type":"binary-expr","locations":[{"start":{"line":143,"column":42},"end":{"line":143,"column":62}},{"start":{"line":143,"column":66},"end":{"line":143,"column":85}}]},"9":{"line":144,"type":"if","locations":[{"start":{"line":144,"column":20},"end":{"line":144,"column":20}},{"start":{"line":144,"column":20},"end":{"line":144,"column":20}}]},"10":{"line":160,"type":"if","locations":[{"start":{"line":160,"column":16},"end":{"line":160,"column":16}},{"start":{"line":160,"column":16},"end":{"line":160,"column":16}}]},"11":{"line":193,"type":"if","locations":[{"start":{"line":193,"column":12},"end":{"line":193,"column":12}},{"start":{"line":193,"column":12},"end":{"line":193,"column":12}}]},"12":{"line":206,"type":"if","locations":[{"start":{"line":206,"column":12},"end":{"line":206,"column":12}},{"start":{"line":206,"column":12},"end":{"line":206,"column":12}}]},"13":{"line":222,"type":"if","locations":[{"start":{"line":222,"column":24},"end":{"line":222,"column":24}},{"start":{"line":222,"column":24},"end":{"line":222,"column":24}}]},"14":{"line":222,"type":"binary-expr","locations":[{"start":{"line":222,"
[...]
}","    }","    return out+'}';","  },","","  /** Decode a simple (flat) JSON string into a structure.  The ciphertext,","   * adata, salt and iv will be base64-decoded.","   * @param {String} str The string.","   * @return {Object} The decoded structure.","   * @throws {sjcl.exception.invalid} if str isn't (simple) JSON.","   */","  decode: function (str) {","    str = str.replace(/\\s/g,'');","    if (!str.match(/^\\{.*\\}$/)) {","      throw new sjcl.exception.invalid(\"json decode: this isn't json!\");","    }","    var a = str.replace(/^\\{|\\}$/g, '').split(/,/), out={}, i, m;","    for (i=0; i<a.length; i++) {","      if (!(m=a[i].match(/^\\s*(?:([\"']?)([a-z][a-z0-9]*)\\1)\\s*:\\s*(?:(-?\\d+)|\"([a-z0-9+\\/%*_.@=\\-]*)\"|(true|false))$/i))) {","        throw new sjcl.exception.invalid(\"json decode: this isn't json!\");","      }","      if (m[3]) {","        out[m[2]] = parseInt(m[3],10);","      } else if (m[4]) {","        out[m[2]] = m[2].match(/^(ct|adata|salt|iv)$/) ? sjcl.codec.base64.toBits(m[4]) : unescape(m[4]);","      } else if (m[5]) {","        out[m[2]] = m[5] === 'true';","      }","    }","    return out;","  },","","  /** Insert all elements of src into target, modifying and returning target.","   * @param {Object} target The object to be modified.","   * @param {Object} src The object to pull data from.","   * @param {boolean} [requireSame=false] If true, throw an exception if any field of target differs from corresponding field of src.","   * @return {Object} target.","   * @private","   */","  _add: function (target, src, requireSame) {","    if (target === undefined) { target = {}; }","    if (src === undefined) { return target; }","    var i;","    for (i in src) {","      if (src.hasOwnProperty(i)) {","        if (requireSame && target[i] !== undefined && target[i] !== src[i]) {","          throw new sjcl.exception.invalid(\"required parameter overridden\");","        }","        target[i] = src[i];","      }","    }","    return target;","  },","","  /** Remove all elements of minus from plus.  Does not modify plus.","   * @private","   */","  _subtract: function (plus, minus) {","    var out = {}, i;","","    for (i in plus) {","      if (plus.hasOwnProperty(i) && plus[i] !== minus[i]) {","        out[i] = plus[i];","      }","    }","","    return out;","  },","","  /** Return only the specified elements of src.","   * @private","   */","  _filter: function (src, filter) {","    var out = {}, i;","    for (i=0; i<filter.length; i++) {","      if (src[filter[i]] !== undefined) {","        out[filter[i]] = src[filter[i]];","      }","    }","    return out;","  }","};","","/** Simple encryption function; convenient shorthand for sjcl.json.encrypt."," * @param {String|bitArray} password The password or key."," * @param {String} plaintext The data to encrypt."," * @param {Object} [params] The parameters including tag, iv and salt."," * @param {Object} [rp] A returned version with filled-in parameters."," * @return {String} The ciphertext."," */","sjcl.encrypt = sjcl.json.encrypt;","","/** Simple decryption function; convenient shorthand for sjcl.json.decrypt."," * @param {String|bitArray} password The password or key."," * @param {String} ciphertext The ciphertext to decrypt."," * @param {Object} [params] Additional non-default parameters."," * @param {Object} [rp] A returned object with filled parameters."," * @return {String} The plaintext."," */","sjcl.decrypt = sjcl.json.decrypt;","","/** The cache for cachedPbkdf2."," * @private"," */","sjcl.misc._pbkdf2Cache = {};","","/** Cached PBKDF2 key derivation."," * @param {String} password The password."," * @param {Object} [obj] The derivation params (iteration count and optional salt)."," * @return {Object} The derived data in key, the salt in salt."," */","sjcl.misc.cachedPbkdf2 = function (password, obj) {","  var cache = sjcl.misc._pbkdf2Cache, c, cp, str, salt, iter;","","  obj = obj || {};","  iter = obj.iter || 1000;","","  /* open the cache for this password and iteration count */","  cp = cache[password] = cache[password] || {};","  c = cp[iter] = cp[iter] || { firstSalt: (obj.salt && obj.salt.length) ?","                     obj.salt.slice(0) : sjcl.random.randomWords(2,0) };","","  salt = (obj.salt === undefined) ? c.firstSalt : obj.salt;","","  c[salt] = c[salt] || sjcl.misc.pbkdf2(password, salt, obj.iter);","  return { key: c[salt].slice(0), salt:salt.slice(0) };","};",""],"l":{"16":1,"47":0,"48":0,"53":0,"54":0,"59":0,"60":0,"65":0,"66":0,"71":1,"72":1,"110":1,"111":0,"112":0,"115":0,"120":0,"121":0,"124":0,"127":0,"128":0,"131":0,"132":0,"135":0,"136":0,"137":0,"141":0,"145":0,"146":0,"147":0,"148":0,"150":0,"158":1,"171":0,"178":0,"200":0,"205":0,"206":0,"209":0,"211":0,"212":0,"213":0,"214":0,"217":0,"218":0,"219":0,"221":0,"222":0,"223":0,"228":0,"229":0,"230":0,"242":0,"243":0,"246":0,"268":0,"269":0,"270":0,"271":0,"272":0,"273":0,"274":0,"278":0,"279":0,"285":0,"288":0,"322":1,"332":0,"333":0,"346":0,"347":0,"349":0,"352":0,"354":0,"364":0,"365":0,"368":0,"369":0,"370":0,"372":0,"382":0,"383":0,"384":0,"385":0,"395":0,"396":0,"397":0,"398":0,"399":0,"400":0,"402":0,"413":0,"414":0,"423":0,"433":0,"434":0,"436":0,"437":0,"438":0,"440":0,"451":0,"452":0,"454":0,"455":0,"456":0,"458":0,"459":0,"462":0,"463":0,"464":0,"466":0,"467":0,"468":0,"469":0,"476":0,"485":0,"486":0,"487":0,"488":0,"490":0,"501":1,"504":0,"505":0,"506":0,"507":0,"509":0,"510":0,"512":0,"517":0,"518":0,"519":0,"520":0,"521":0,"522":0,"523":0,"526":0,"527":0,"529":0,"540":1,"543":0,"544":0,"545":0,"547":0,"551":0,"552":0,"553":0,"554":0,"555":0,"556":0,"558":0,"570":1,"578":0,"579":0,"580":0,"582":0,"583":0,"584":0,"585":0,"586":0,"587":0,"589":0,"590":0,"593":0,"594":0,"599":0,"600":0,"601":0,"602":0,"604":0,"605":0,"606":0,"607":0,"609":0,"610":0,"611":0,"612":0,"614":0,"615":0,"618":0,"619":0,"621":0,"625":1,"626":0,"627":0,"649":1,"650":1,"651":1,"652":0,"653":0,"654":0,"656":1,"666":1,"667":0,"670":1,"682":1,"683":1,"684":1,"685":1,"694":0,"695":0,"697":0,"700":0,"701":0,"703":0,"711":0,"714":0,"717":0,"718":0,"722":0,"723":0,"725":0,"726":0,"729":0,"730":0,"765":1,"767":72,"769":1,"770":310,"771":1118,"773":246,"777":64,"778":8,"780":64,"781":64,"791":0,"811":0,"813":0,"814":0,"816":0,"817":0,"818":0,"823":0,"826":0,"827":0,"828":0,"830":0,"833":0,"834":0,"835":0,"836":0,"837":0,"838":0,"839":0,"840":0,"856":1,"872":0,"873":0,"874":0,"876":0,"877":0,"881":0,"882":0,"883":0,"886":0,"889":0,"891":0,"904":0,"905":0,"906":0,"914":0,"916":0,"917":0,"921":0,"922":0,"923":0,"926":0,"929":0,"930":0,"931":0,"934":0,"948":0,"950":0,"953":0,"954":0,"957":0,"959":0,"963":0,"966":0,"967":0,"968":0,"971":0,"973":0,"974":0,"975":0,"976":0,"977":0,"981":0,"982":0,"983":0,"988":0,"989":0,"992":0,"1008":0,"1011":0,"1014":0,"1017":0,"1019":0,"1020":0,"1021":0,"1022":0,"1023":0,"1024":0,"1025":0,"1027":0,"1045":1,"1062":0,"1063":0,"1065":0,"1075":0,"1076":0,"1078":0,"1080":0,"1081":0,"1082":0,"1083":0,"1087":0,"1088":0,"1089":0,"1090":0,"1093":0,"1094":0,"1097":0,"1098":0,"1101":0,"1116":0,"1117":0,"1119":0,"1120":0,"1131":0,"1133":0,"1135":0,"1136":0,"1137":0,"1138":0,"1142":0,"1143":0,"1144":0,"1147":0,"1148":0,"1151":0,"1152":0,"1155":0,"1156":0,"1159":0,"1167":0,"1175":0,"1177":0,"1178":0,"1179":0,"1182":0,"1183":0,"1184":0,"1185":0,"1187":0,"1188":0,"1195":0,"1207":1,"1223":0,"1224":0,"1225":0,"1228":0,"1230":0,"1243":0,"1244":0,"1245":0,"1248":0,"1249":0,"1250":0,"1252":0,"1253":0,"1257":0,"1259":0,"1260":0,"1262":0,"1269":0,"1271":0,"1272":0,"1275":0,"1276":0,"1277":0,"1279":0,"1283":0,"1286":0,"1287":0,"1289":0,"1292":0,"1293":0,"1296":0,"1300":0,"1302":0,"1303":0,"1304":0,"1305":0,"1306":0,"1307":0,"1308":0,"1310":0,"1323":0,"1326":0,"1327":0,"1328":0,"1329":0,"1332":0,"1333":0,"1334":0,"1335":0,"1337":0,"1338":0,"1340":0,"1343":0,"1344":0,"1347":0,"1348":0,"1352":0,"1353":0,"1354":0,"1355":0,"1356":0,"1357":0,"1358":0,"1360":0,"1363":0,"1364":0,"1368":0,"1374":0,"1375":0,"1376":0,"1377":0,"1378":0,"1379":0,"1381":0,"1396":1,"1397":0,"1398":0,"1400":0,"1402":0,"1403":0,"1406":0,"1407":0,"1408":0,"1411":0,"1412":0,"1413":0,"1419":1,"1420":0,"1421":0,"1422":0,"1424":0,"1428":1,"1429":0,"1430":0,"1433":1,"1434":0,"1435":0,"1438":1,"1439":0,"1441":0,"1443":0,"1465":1,"1466":0,"1468":0,"1469":0,"1472":0,"1473":0,"1476":0,"1477":0,"1480":0,"1482":0,"1485":0,"1486":0,"1488":0,"1489":0,"1490":0,"1491":0,"1495":0,"1498":0,"1500":0,"1545":1,"1548":1,"1549":1,"1550":1,"1551":1,"1552":1,"1554":1,"1555":1,"1557":1,"1558":1,"1559":1,"1560":1,"1561":1,"1562":1,"1563":1,"1566":1,"1567":1,"1568":1,"1571":1,"1572":1,"1573":1,"1575":1,"1576":1,"1577":1,"1578":1,"1581":1,"1587":0,"1589":0,"1590":0,"1591":0,"1592":0,"1595":0,"1596":0,"1597":0,"1600":0,"1601":0,"1603":0,"1605":0,"1609":0,"1610":0,"1613":0,"1623":0,"1625":0,"1631":0,"1632":0,"1634":0,"1635":0,"1637":0,"1640":0,"1641":0,"1643":0,"1644":0,"1647":0,"1648":0,"1649":0,"1650":0,"1651":0,"1653":0,"1655":0,"1656":0,"1658":0,"1659":0,"1660":0,"1664":0,"1665":0,"1667":0,"1668":0,"1669":0,"1670":0,"1671":0,"1672":0,"1676":0,"1678":0,"1681":0,"1686":0,"1688":0,"1689":0,"1690":0,"1693":0,"1695":0,"1696":0,"1700":0,"1701":0,"1704":0,"1705":0,"1706":0,"1708":0,"1714":0,"1716":0,"1717":0,"1721":0,"1729":0,"1731":0,"1732":0,"1734":0,"1742":0,"1744":0,"1752":0,"1753":0,"1754":0,"1755":0,"1756":0,"1757":0,"1758":0,"1759":0,"1760":0,"1761":0,"1763":0,"1766":0,"1771":0,"1773":0,"1774":0,"1775":0,"1776":0,"1777":0,"1778":0,"1779":0,"1780":0,"1781":0,"1782":0,"1785":0,"1795":0,"1800":0,"1806":0,"1807":0,"1808":0,"1812":0,"1813":0,"1814":0,"1819":0,"1820":0,"1821":0,"1829":0,"1830":0,"1831":0,"1833":0,"1840":0,"1841":0,"1848":0,"1849":0,"1850":0,"1851":0,"1852":0,"1860":0,"1862":0,"1865":0,"1869":0,"1872":0,"1873":0,"1874":0,"1875":0,"1877":0,"1881":0,"1882":0,"1883":0,"1887":0,"1888":0,"1889":0,"1892":0,"1893":0,"1897":0,"1901":0,"1903":0,"1904":0,"1905":0,"1908":0,"1909":0,"1912":0,"1913":0,"1916":0,"1920":0,"1921":0,"1924":0,"1926":0,"1930":0,"1934":0,"1936":0,"1938":0,"1942":0,"1943":0,"1944":0,"1945":0,"1946":0,"1949":0,"1950":0,"1952":0,"1956":0,"1963":0,"1964":0,"1965":0,"1969":0,"1970":0,"1978":1,"1980":1,"1982":1,"1984":1,"1987":1,"1988":1,"1991":1,"1992":0,"1993":0,"1994":0,"1996":1,"1997":0,"1998":0,"1999":0,"2000":0,"2001":0,"2003":0,"2007":0,"2013":0,"2014":0,"2015":0,"2028":1,"2041":0,"2042":0,"2044":0,"2046":0,"2047":0,"2048":0,"2049":0,"2051":0,"2052":0,"2055":0,"2061":0,"2064":0,"2065":0,"2066":0,"2067":0,"2068":0,"2069":0,"2070":0,"2071":0,"2073":0,"2074":0,"2076":0,"2077":0,"2079":0,"2082":0,"2083":0,"2086":0,"2089":0,"2101":0,"2102":0,"2115":0,"2116":0,"2118":0,"2119":0,"2120":0,"2122":0,"2123":0,"2126":0,"2133":0,"2136":0,"2137":0,"2138":0,"2139":0,"2140":0,"2141":0,"2143":0,"2144":0,"2146":0,"2149":0,"2152":0,"2153":0,"2155":0,"2156":0,"2158":0,"2172":0,"2173":0,"2183":0,"2184":0,"2185":0,"2186":0,"2187":0,"2189":0,"2190":0,"2192":0,"2195":0,"2196":0,"2199":0,"2200":0,"2203":0,"2204":0,"2207":0,"2211":0,"2221":0,"2222":0,"2223":0,"2225":0,"2226":0,"2227":0,"2228":0,"2230":0,"2231":0,"2232":0,"2233":0,"2234":0,"2235":0,"2238":0,"2249":0,"2250":0,"2251":0,"2252":0,"2253":0,"2254":0,"2255":0,"2257":0,"2260":0,"2267":0,"2269":0,"2270":0,"2271":0,"2275":0,"2282":0,"2283":0,"2284":0,"2285":0,"2288":0,"2299":1,"2308":1,"2313":1,"2320":1,"2321":0,"2323":0,"2324":0,"2327":0,"2328":0,"2331":0,"2333":0,"2334":0}},"/home/travis/build/npmtest/node-npmtest-cordova-plugin-secure-storage/node_modules/cordova-plugin-secure-storage/src/windows/SecureStorage.js":{"path":"/home/travis/build/npmtest/node-npmtest-cordova-plugin-secure-storage/node_modules/cordova-plugin-secure-storage/src/windows/SecureStorage.js","s":{"1":2,"2":0,"3":0,"4":0,"5":0,"6":0,"7":0,"8":0,"9":0,"10":0,"11":0,"12":0,"13":0,"14":0,"15":0,"16":0,"17":0,"18":0,"19":0,"20":0,"21":0,"22":0,"23":0,"24":0,"25":0,"26":0,"27":0,"28":0,"29":0,"30":0,"31":0,"32":0,"33":0,"34":0,"35":0,"36":0,"37":0,"38":0,"39":0,"40":0,"41":0,"42":0,"43":0,"44":0,"45":0,"46":0,"47":0,"48":2},"b":{"1":[0,0]},"f":{"1":0,"2":0,"3":0,"4":0,"5":0,"6":0,"7":0},"fnMap":{"1":{"name":"(anonymous_1)","line":3,"loc":{"start":{"line":3,"column":9},"end":{"line":3,"column":36}}},"2":{"name":"(anonymous_2)","line":17,"loc":{"start":{"line":17,"column":9},"end":{"line":17,"column":36}}},"3":{"name":"(anonymous_3)","line":37,"loc":{"start":{"line":37,"column":12},"end":{"line":37,"column":39}}},"4":{"name":"(anonymous_4)","line":55,"loc":{"start":{"line":55,"column":10},"end":{"line":55,"column":37}}},"5":{"name":"(anonymous_5)","line":66,"loc":{"start":{"line":66,"column":58},"end":{"line":66,"column":88}}},"6":{"name":"(anonymous_6)","line":76,"loc":{"start":{"line":76,"column":11},"end":{"line":76,"column":38}}},"7":{"name":"(anonymous_7)","line":87,"loc":{"start":{"line":87,"column":40},"end":{"line":87,"column":70}}}},"statementMap":{"1":{"start":{"line":1,"column":0},"end":{"line":96,"column":2}},"2":{"start":{"line":4,"column":8},"end":{"line":14,"column":9}},"3":{"start":{"line":5,"column":12},"end":{"line":5,"column":34}},"4":{"start":{"line":6,"column":12},"end":{"line":6,"column":30}},"5":{"start":{"line":8,"column":12},"end":{"line":8,"column":73}},"6":{"start":{"line":9,"column":12},"end":{"line":9,"column":66}},"7":{"start":{"line":11,"column":12},"end":{"line":11,"column":45}},"8":{"start":{"line":13,"column":12},"end":{"line":13,"column":66}},"9":{"start":{"line":18,"column":8},"end":{"line":34,"column":9}},"10":{"start":{"line":19,"column":12},"end":{"line":19,"column":34}},"11":{"start":{"line":20,"column":12},"end":{"line":20,"column":30}},"12":{"start":{"line":21,"column":12},"end":{"line":21,"column":32}},"13":{"start":{"line":27,"column":12},"end":{"line":27,"column":73}},"14":{"start":{"line":28,"column":12},"end":{"line":29,"column":38}},"15":{"start":{"line":31,"column":12},"end":{"line":31,"column":21}},"16":{"start":{"line":33,"column":12},"end":{"line":33,"column":66}},"17":{"start":{"line":38,"column":8},"end":{"line":52,"column":9}},"18":{"start":{"line":39,"column":12},"end":{"line":39,"column":34}},"19":{"start":{"line":40,"column":12},"end":{"line":40,"column":30}},"20":{"start":{"line":42,"column":12},"end":{"line":42,"column":73}},"21":{"start":{"line":43,"column":12},"end":{"line":43,"column":66}},"22":{"start":{"line":45,"column":12},"end":{"line":47,"column":13}},"23":{"start":{"line":46,"column":16},"end":{"line":46,"column":49}},"24":{"start":{"line":49,"column":12},"end":{"line":49,"column":21}},"25":{"start":{"line":51,"column":12},"end":{"line":51,"column":69}},"26":{"start":{"line":56,"column":8},"end":{"line":73,"column":9}},"27":{"start":{"line":57,"column":12},"end":{"line":57,"column":34}},"28":{"start":{"line":58,"column":12},"end":{"line":58,"column":73}},"29":{"start":{"line":59,"column":12},"end":{"line":59,"column":36}},"30":{"start":{"line":61,"column":12},"end":{"line":65,"column":13}},"31":{"start":{"line":62,"column":16},"end":{"line":62,"column":71}},"32":{"start":{"line":64,"column":16},"end":{"line":64,"column":41}},"33":{"start":{"line":66,"column":12},"end":{"line":68,"column":15}},"34":{"start":{"line":67,"column":16},"end":{"line":67,"column":51}},"35":{"start":{"line":70,"column":12},"end":{"line":70,"column":37}},"36":{"start":{"line":72,"column":12},"end":{"line":72,"column":67}},"37":{"start":{"line":77,"column":8},"end":{"line":94,"column":9}},"38":{"start":{"line":78,"column":12},"end":{"line":78,"column":34}},"39":{"start":{"line":79,"column":12},"end":{"line":79,"column":73}},"40":{"start":{"line":80,"column":12},"end":{"line":80,"column":36}},"41":{"start":{"line":82,"column":12},"end":{"line":86,"column":13}},"42":{"start":{"line":83,"column":16},"end":{"line":83,"column":71}},"43":{"start":{"line":85,"column":16},"end":{"line":85,"column":41}},"44":{"start":{"line":87,"column":12},"end":{"line":89,"column":15}},"45":{"start":{"line":88,"column":16},"end":{"line":88,"column":49}},"46":{"start":{"line":91,"column":12},"end":{"line":91,"column":18}},"47":{"start":{"line":93,"column":12},"end":{"line":93,"column":68}},"48":{"start":{"line":98,"column":0},"end":{"line":98,"column":71}}},"branchMap":{"1":{"line":45,"type":"if","locations":[{"start":{"line":45,"column":12},"end":{"line":45,"column":12}},{"start":{"line":45,"column":12},"end":{"line":45,"column":12}}]}},"code":["var SecureStorageProxy = {","","    get: function (win, fail, args) {","        try {","            var service = args[0];","            var key = args[1];","","            var vault = new Windows.Security.Credentials.PasswordVault();","            var passwordCredential = vault.retrieve(service, key);","","            win(passwordCredential.password);","        } catch (e) {","            fail('Failure in SecureStorage.get() - ' + e.message);","        }","    },","","    set: function (win, fail, args) {","        try {","            var service = args[0];","            var key = args[1];","            var value = args[2];","","            // Remarks: you can only store up to ten credentials per app in the Credential Locker.","            // If you try to store more than ten credentials, you will encounter an Exception.","            // https://msdn.microsoft.com/en-us/library/windows/apps/hh701231.aspx","","            var vault = new Windows.Security.Credentials.PasswordVault();","            vault.add(new Windows.Security.Credentials.PasswordCredential(","                service, key, value));","","            win(key);","        } catch (e) {","            fail('Failure in SecureStorage.set() - ' + e.message);","        }","    },","","    remove: function (win, fail, args) {","        try {","            var service = args[0];","            var key = args[1];","","            var vault = new Windows.Security.Credentials.PasswordVault();","            var passwordCredential = vault.retrieve(service, key);","","            if (passwordCredential) {","                vault.remove(passwordCredential);","            }","","            win(key);","        } catch (e) {","            fail('Failure in SecureStorage.remove() - ' + e.message);","        }","    },","","    keys: function (win, fail, args) {","        try {","            var service = args[0];","            var vault = new Windows.Security.Credentials.PasswordVault();","            var passwordCredentials;","","            try {","                passwordCredentials = vault.findAllByResource(service);","            } catch (e) {","                passwordCredentials = [];","            }","            passwordCredentials = passwordCredentials.map(function (passwordCredential) {","                return passwordCredential.userName;","            });","","            win(passwordCredentials);","        } catch (e) {","            fail('Failure in SecureStorage.keys() - ' + e.message);","        }","    },","","    clear: function (win, fail, args) {","        try {","            var service = args[0];","            var vault = new Windows.Security.Credentials.PasswordVault();","            var passwordCredentials;","","            try {","                passwordCredentials = vault.findAllByResource(service);","            } catch (e) {","                passwordCredentials = [];","            }","            passwordCredentials.forEach(function (passwordCredential) {","                vault.remove(passwordCredential);","            });","","            win();","        } catch (e) {","            fail('Failure in SecureStorage.clear() - ' + e.message);","        }","    },","};","","require(\"cordova/exec/proxy\").add(\"SecureStorage\", SecureStorageProxy);",""],"l":{"1":2,"4":0,"5":0,"6":0,"8":0,"9":0,"11":0,"13":0,"18":0,"19":0,"20":0,"21":0,"27":0,"28":0,"31":0,"33":0,"38":0,"39":0,"40":0,"42":0,"43":0,"45":0,"46":0,"49":0,"51":0,"56":0,"57":0,"58":0,"59":0,"61":0,"62":0,"64":0,"66":0,"67":0,"70":0,"72":0,"77":0,"78":0,"79":0,"80":0,"82":0,"83":0,"85":0,"87":0,"88":0,"91":0,"93":0,"98":2}}}